{"C:\\Alex\\Web-Dev\\Git-Repositories\\wendte-budget\\client\\src\\App.tsx": {"path":"C:\\Alex\\Web-Dev\\Git-Repositories\\wendte-budget\\client\\src\\App.tsx","statementMap":{"0":{"start":{"line":2,"column":0},"end":{"line":2,"column":62}},"1":{"start":{"line":3,"column":14},"end":{"line":3,"column":30}},"2":{"start":{"line":4,"column":13},"end":{"line":4,"column":39}},"3":{"start":{"line":5,"column":12},"end":{"line":5,"column":28}},"4":{"start":{"line":6,"column":26},"end":{"line":6,"column":54}},"5":{"start":{"line":7,"column":17},"end":{"line":7,"column":38}},"6":{"start":{"line":8,"column":0},"end":{"line":8,"column":28}},"7":{"start":{"line":9,"column":27},"end":{"line":9,"column":77}},"8":{"start":{"line":10,"column":0},"end":{"line":19,"column":2}},"9":{"start":{"line":20,"column":25},"end":{"line":38,"column":18}},"10":{"start":{"line":21,"column":4},"end":{"line":21,"column":35}},"11":{"start":{"line":23,"column":8},"end":{"line":23,"column":72}},"12":{"start":{"line":25,"column":4},"end":{"line":36,"column":6}},"13":{"start":{"line":26,"column":8},"end":{"line":35,"column":27}},"14":{"start":{"line":30,"column":35},"end":{"line":30,"column":42}},"15":{"start":{"line":30,"column":52},"end":{"line":30,"column":60}},"16":{"start":{"line":31,"column":24},"end":{"line":34,"column":86}},"17":{"start":{"line":37,"column":4},"end":{"line":37,"column":15}},"18":{"start":{"line":39,"column":0},"end":{"line":39,"column":22}},"19":{"start":{"line":40,"column":17},"end":{"line":40,"column":323}}},"fnMap":{"0":{"name":"(anonymous_0)","decl":{"start":{"line":20,"column":25},"end":{"line":20,"column":26}},"loc":{"start":{"line":20,"column":43},"end":{"line":38,"column":1}},"line":20},"1":{"name":"App","decl":{"start":{"line":22,"column":13},"end":{"line":22,"column":16}},"loc":{"start":{"line":22,"column":19},"end":{"line":24,"column":5}},"line":22},"2":{"name":"(anonymous_2)","decl":{"start":{"line":25,"column":27},"end":{"line":25,"column":28}},"loc":{"start":{"line":25,"column":39},"end":{"line":36,"column":5}},"line":25},"3":{"name":"(anonymous_3)","decl":{"start":{"line":29,"column":62},"end":{"line":29,"column":63}},"loc":{"start":{"line":29,"column":76},"end":{"line":35,"column":21}},"line":29}},"branchMap":{"0":{"loc":{"start":{"line":23,"column":15},"end":{"line":23,"column":71}},"type":"binary-expr","locations":[{"start":{"line":23,"column":15},"end":{"line":23,"column":30}},{"start":{"line":23,"column":34},"end":{"line":23,"column":63}},{"start":{"line":23,"column":67},"end":{"line":23,"column":71}}],"line":23},"1":{"loc":{"start":{"line":32,"column":28},"end":{"line":32,"column":75}},"type":"binary-expr","locations":[{"start":{"line":32,"column":28},"end":{"line":32,"column":33}},{"start":{"line":32,"column":37},"end":{"line":32,"column":75}}],"line":32},"2":{"loc":{"start":{"line":40,"column":49},"end":{"line":40,"column":322}},"type":"binary-expr","locations":[{"start":{"line":40,"column":49},"end":{"line":40,"column":65}},{"start":{"line":40,"column":70},"end":{"line":40,"column":321}}],"line":40}},"s":{"0":3,"1":3,"2":3,"3":3,"4":3,"5":3,"6":3,"7":3,"8":3,"9":3,"10":3,"11":2,"12":3,"13":2,"14":12,"15":12,"16":12,"17":3,"18":3,"19":3},"f":{"0":3,"1":2,"2":2,"3":12},"b":{"0":[2,2,2],"1":[12,0],"2":[3,3]},"inputSourceMap":{"version":3,"file":"App.js","sourceRoot":"","sources":["App.tsx"],"names":[],"mappings":";;;AAAA,wCAAkC;AAClC,6BAA8B;AAC9B,uDAAyD;AAEzD,uCAAiC;AACjC,4BAAyB;AAEzB,8EAAwE;AAE3D,QAAA,KAAK,GAAG;IACnB,KAAK,EAAE,SAAS;IAChB,KAAK,EAAE,SAAS;IAChB,IAAI,EAAE,SAAS;IACf,SAAS,EAAE,SAAS;IACpB,QAAQ,EAAE,QAAQ;IAClB,OAAO,EAAE,SAAS;IAClB,OAAO,EAAE,SAAS;IAClB,KAAK,EAAE,MAAM;CACd,CAAA;AAED;IAAkB,+BAAuB;IAAzC;;IAoBA,CAAC;IAnBC,oBAAM,GAAN;QACE,OAAO,CACL,oBAAC,KAAK,CAAC,UAAU;YACf,oBAAC,iCAAa,IAAC,KAAK,EAAE,aAAK;gBACzB,oBAAC,UAAU,IAAC,SAAS,EAAC,IAAI,iBAAa,KAAK;oBAC1C,oBAAC,cAAI,QACF,UAAC,EAA+C;4BAA7C,cAAI,EAAE,gBAAK;wBAAuC,OAAA,CACpD;4BACG,KAAK,IAAI,gCAAK,KAAK,CAAM;4BAC1B,oBAAC,kBAAQ,IAAC,IAAI,EAAE,IAAI,GAAI;4BACxB,oBAAC,4BAAkB,OAAG,CACrB,CACJ;oBANqD,CAMrD,CACI,CACI,CACC,CACC,CACpB,CAAA;IACH,CAAC;IACH,UAAC;AAAD,CAAC,AApBD,CAAkB,KAAK,CAAC,SAAS,GAoBhC;AAED,kBAAe,GAAG,CAAA;AAElB,IAAM,UAAU,GAAG,2BAAM,CAAC,GAAG,6KAAA,kGAK5B,IAAA,CAAA","sourcesContent":["import User from 'components/User'\r\nimport * as React from 'react'\r\nimport styled, { ThemeProvider } from 'styled-components'\r\nimport { IUser } from 'utils/types'\r\nimport ItemForm from './ItemForm'\r\nimport './styles/App.css'\r\n\r\nimport TransactionDisplay from './transactionDisplay/TransactionDisplay'\r\n\r\nexport const theme = {\r\n  black: '#222222',\r\n  green: '#0ac775',\r\n  grey: '#354041',\r\n  lightGrey: '#f1f3f4',\r\n  maxWidth: '1000px',\r\n  primary: '#66B9Bf',\r\n  warning: '#bb0000',\r\n  white: '#fff',\r\n}\r\n\r\nclass App extends React.Component<{}, {}> {\r\n  render() {\r\n    return (\r\n      <React.StrictMode>\r\n        <ThemeProvider theme={theme}>\r\n          <AppWrapper className=\"hi\" data-testid=\"app\">\r\n            <User>\r\n              {({ user, error }: { user: IUser; error: string }) => (\r\n                <>\r\n                  {error && <h1>{error}</h1>}\r\n                  <ItemForm user={user} />\r\n                  <TransactionDisplay />\r\n                </>\r\n              )}\r\n            </User>\r\n          </AppWrapper>\r\n        </ThemeProvider>\r\n      </React.StrictMode>\r\n    )\r\n  }\r\n}\r\n\r\nexport default App\r\n\r\nconst AppWrapper = styled.div`\r\n  display: flex;\r\n  flex-direction: column;\r\n  align-items: center;\r\n  padding-bottom: 4rem;\r\n`\r\n"]},"_coverageSchema":"332fd63041d2c1bcb487cc26dd0d5f7d97098a6c","hash":"144a505ad705c66412e8b908b5db7be72b536717"}
,"C:\\Alex\\Web-Dev\\Git-Repositories\\wendte-budget\\client\\src\\BudgetTool.tsx": {"path":"C:\\Alex\\Web-Dev\\Git-Repositories\\wendte-budget\\client\\src\\BudgetTool.tsx","statementMap":{"0":{"start":{"line":3,"column":0},"end":{"line":3,"column":62}},"1":{"start":{"line":4,"column":14},"end":{"line":4,"column":30}},"2":{"start":{"line":5,"column":12},"end":{"line":5,"column":28}},"3":{"start":{"line":6,"column":26},"end":{"line":18,"column":18}},"4":{"start":{"line":7,"column":4},"end":{"line":7,"column":36}},"5":{"start":{"line":9,"column":8},"end":{"line":9,"column":72}},"6":{"start":{"line":11,"column":4},"end":{"line":13,"column":6}},"7":{"start":{"line":14,"column":4},"end":{"line":16,"column":6}},"8":{"start":{"line":15,"column":8},"end":{"line":15,"column":63}},"9":{"start":{"line":17,"column":4},"end":{"line":17,"column":16}},"10":{"start":{"line":19,"column":0},"end":{"line":19,"column":23}}},"fnMap":{"0":{"name":"(anonymous_0)","decl":{"start":{"line":6,"column":26},"end":{"line":6,"column":27}},"loc":{"start":{"line":6,"column":44},"end":{"line":18,"column":1}},"line":6},"1":{"name":"Name","decl":{"start":{"line":8,"column":13},"end":{"line":8,"column":17}},"loc":{"start":{"line":8,"column":20},"end":{"line":10,"column":5}},"line":8},"2":{"name":"(anonymous_2)","decl":{"start":{"line":11,"column":39},"end":{"line":11,"column":40}},"loc":{"start":{"line":11,"column":51},"end":{"line":13,"column":5}},"line":11},"3":{"name":"(anonymous_3)","decl":{"start":{"line":14,"column":28},"end":{"line":14,"column":29}},"loc":{"start":{"line":14,"column":40},"end":{"line":16,"column":5}},"line":14}},"branchMap":{"0":{"loc":{"start":{"line":9,"column":15},"end":{"line":9,"column":71}},"type":"binary-expr","locations":[{"start":{"line":9,"column":15},"end":{"line":9,"column":30}},{"start":{"line":9,"column":34},"end":{"line":9,"column":63}},{"start":{"line":9,"column":67},"end":{"line":9,"column":71}}],"line":9}},"s":{"0":1,"1":1,"2":1,"3":1,"4":1,"5":1,"6":1,"7":1,"8":1,"9":1,"10":1},"f":{"0":1,"1":1,"2":1,"3":1},"b":{"0":[1,1,1]},"inputSourceMap":{"version":3,"file":"BudgetTool.js","sourceRoot":"","sources":["BudgetTool.tsx"],"names":[],"mappings":";AAAA,QAAQ;;;AAER,6BAA8B;AAE9B;IAAkC,gCAAuB;IAAzD;;IAQA,CAAC;IAPC,gCAAiB,GAAjB;QACE,oBAAoB;IACtB,CAAC;IAED,qBAAM,GAAN;QACE,OAAO,+CAAsB,CAAA;IAC/B,CAAC;IACH,WAAC;AAAD,CAAC,AARD,CAAkC,KAAK,CAAC,SAAS,GAQhD","sourcesContent":["// @flow\r\n\r\nimport * as React from 'react'\r\n\r\nexport default class Name extends React.Component<{}, {}> {\r\n  componentDidMount() {\r\n    // console.log('hi')\r\n  }\r\n\r\n  render() {\r\n    return <div>Budget Tool</div>\r\n  }\r\n}\r\n"]},"_coverageSchema":"332fd63041d2c1bcb487cc26dd0d5f7d97098a6c","hash":"280521757fb90b8ca965828a4a836994284f6b08"}
,"C:\\Alex\\Web-Dev\\Git-Repositories\\wendte-budget\\client\\src\\ItemForm.tsx": {"path":"C:\\Alex\\Web-Dev\\Git-Repositories\\wendte-budget\\client\\src\\ItemForm.tsx","statementMap":{"0":{"start":{"line":2,"column":0},"end":{"line":2,"column":62}},"1":{"start":{"line":3,"column":14},"end":{"line":3,"column":30}},"2":{"start":{"line":4,"column":20},"end":{"line":4,"column":53}},"3":{"start":{"line":5,"column":27},"end":{"line":5,"column":67}},"4":{"start":{"line":6,"column":14},"end":{"line":6,"column":41}},"5":{"start":{"line":7,"column":23},"end":{"line":7,"column":59}},"6":{"start":{"line":8,"column":12},"end":{"line":8,"column":28}},"7":{"start":{"line":9,"column":26},"end":{"line":9,"column":54}},"8":{"start":{"line":10,"column":11},"end":{"line":10,"column":31}},"9":{"start":{"line":11,"column":12},"end":{"line":11,"column":32}},"10":{"start":{"line":12,"column":15},"end":{"line":12,"column":38}},"11":{"start":{"line":13,"column":14},"end":{"line":13,"column":36}},"12":{"start":{"line":14,"column":30},"end":{"line":106,"column":18}},"13":{"start":{"line":15,"column":4},"end":{"line":15,"column":40}},"14":{"start":{"line":17,"column":20},"end":{"line":17,"column":76}},"15":{"start":{"line":18,"column":8},"end":{"line":23,"column":10}},"16":{"start":{"line":24,"column":8},"end":{"line":24,"column":34}},"17":{"start":{"line":25,"column":8},"end":{"line":25,"column":96}},"18":{"start":{"line":25,"column":49},"end":{"line":25,"column":93}},"19":{"start":{"line":26,"column":8},"end":{"line":49,"column":10}},"20":{"start":{"line":27,"column":12},"end":{"line":27,"column":32}},"21":{"start":{"line":28,"column":21},"end":{"line":28,"column":46}},"22":{"start":{"line":28,"column":56},"end":{"line":28,"column":64}},"23":{"start":{"line":28,"column":81},"end":{"line":28,"column":90}},"24":{"start":{"line":28,"column":103},"end":{"line":28,"column":114}},"25":{"start":{"line":28,"column":123},"end":{"line":28,"column":130}},"26":{"start":{"line":28,"column":139},"end":{"line":28,"column":146}},"27":{"start":{"line":28,"column":156},"end":{"line":28,"column":164}},"28":{"start":{"line":29,"column":25},"end":{"line":29,"column":79}},"29":{"start":{"line":30,"column":27},"end":{"line":30,"column":64}},"30":{"start":{"line":31,"column":33},"end":{"line":31,"column":107}},"31":{"start":{"line":31,"column":64},"end":{"line":31,"column":104}},"32":{"start":{"line":32,"column":12},"end":{"line":48,"column":13}},"33":{"start":{"line":33,"column":16},"end":{"line":47,"column":19}},"34":{"start":{"line":43,"column":20},"end":{"line":43,"column":56}},"35":{"start":{"line":45,"column":35},"end":{"line":45,"column":46}},"36":{"start":{"line":46,"column":20},"end":{"line":46,"column":69}},"37":{"start":{"line":50,"column":8},"end":{"line":50,"column":21}},"38":{"start":{"line":52,"column":4},"end":{"line":66,"column":6}},"39":{"start":{"line":53,"column":8},"end":{"line":65,"column":11}},"40":{"start":{"line":54,"column":24},"end":{"line":54,"column":28}},"41":{"start":{"line":55,"column":12},"end":{"line":64,"column":15}},"42":{"start":{"line":56,"column":16},"end":{"line":62,"column":19}},"43":{"start":{"line":57,"column":37},"end":{"line":57,"column":50}},"44":{"start":{"line":58,"column":20},"end":{"line":58,"column":86}},"45":{"start":{"line":60,"column":35},"end":{"line":60,"column":46}},"46":{"start":{"line":61,"column":20},"end":{"line":61,"column":69}},"47":{"start":{"line":63,"column":16},"end":{"line":63,"column":38}},"48":{"start":{"line":67,"column":4},"end":{"line":74,"column":6}},"49":{"start":{"line":68,"column":20},"end":{"line":68,"column":24}},"50":{"start":{"line":69,"column":8},"end":{"line":73,"column":9}},"51":{"start":{"line":70,"column":12},"end":{"line":72,"column":21}},"52":{"start":{"line":71,"column":16},"end":{"line":71,"column":53}},"53":{"start":{"line":75,"column":4},"end":{"line":79,"column":6}},"54":{"start":{"line":76,"column":8},"end":{"line":78,"column":9}},"55":{"start":{"line":77,"column":12},"end":{"line":77,"column":39}},"56":{"start":{"line":80,"column":4},"end":{"line":104,"column":6}},"57":{"start":{"line":81,"column":18},"end":{"line":81,"column":38}},"58":{"start":{"line":82,"column":26},"end":{"line":82,"column":56}},"59":{"start":{"line":83,"column":17},"end":{"line":83,"column":27}},"60":{"start":{"line":83,"column":39},"end":{"line":83,"column":49}},"61":{"start":{"line":83,"column":64},"end":{"line":83,"column":77}},"62":{"start":{"line":83,"column":87},"end":{"line":83,"column":95}},"63":{"start":{"line":83,"column":109},"end":{"line":83,"column":121}},"64":{"start":{"line":84,"column":8},"end":{"line":103,"column":88}},"65":{"start":{"line":105,"column":4},"end":{"line":105,"column":20}},"66":{"start":{"line":107,"column":0},"end":{"line":107,"column":27}},"67":{"start":{"line":108,"column":22},"end":{"line":109,"column":357}},"68":{"start":{"line":109,"column":33},"end":{"line":109,"column":60}},"69":{"start":{"line":110,"column":11},"end":{"line":110,"column":356}},"70":{"start":{"line":111,"column":21},"end":{"line":111,"column":350}},"71":{"start":{"line":112,"column":22},"end":{"line":112,"column":149}},"72":{"start":{"line":113,"column":23},"end":{"line":113,"column":232}},"73":{"start":{"line":114,"column":22},"end":{"line":114,"column":503}},"74":{"start":{"line":114,"column":471},"end":{"line":114,"column":500}},"75":{"start":{"line":115,"column":19},"end":{"line":115,"column":528}},"76":{"start":{"line":115,"column":450},"end":{"line":115,"column":475}},"77":{"start":{"line":115,"column":498},"end":{"line":115,"column":525}}},"fnMap":{"0":{"name":"(anonymous_0)","decl":{"start":{"line":14,"column":30},"end":{"line":14,"column":31}},"loc":{"start":{"line":14,"column":48},"end":{"line":106,"column":1}},"line":14},"1":{"name":"ItemForm","decl":{"start":{"line":16,"column":13},"end":{"line":16,"column":21}},"loc":{"start":{"line":16,"column":24},"end":{"line":51,"column":5}},"line":16},"2":{"name":"(anonymous_2)","decl":{"start":{"line":25,"column":35},"end":{"line":25,"column":36}},"loc":{"start":{"line":25,"column":47},"end":{"line":25,"column":95}},"line":25},"3":{"name":"(anonymous_3)","decl":{"start":{"line":26,"column":29},"end":{"line":26,"column":30}},"loc":{"start":{"line":26,"column":43},"end":{"line":49,"column":9}},"line":26},"4":{"name":"(anonymous_4)","decl":{"start":{"line":31,"column":48},"end":{"line":31,"column":49}},"loc":{"start":{"line":31,"column":62},"end":{"line":31,"column":106}},"line":31},"5":{"name":"(anonymous_5)","decl":{"start":{"line":42,"column":26},"end":{"line":42,"column":27}},"loc":{"start":{"line":42,"column":38},"end":{"line":44,"column":17}},"line":42},"6":{"name":"(anonymous_6)","decl":{"start":{"line":44,"column":19},"end":{"line":44,"column":20}},"loc":{"start":{"line":44,"column":33},"end":{"line":47,"column":17}},"line":44},"7":{"name":"(anonymous_7)","decl":{"start":{"line":52,"column":43},"end":{"line":52,"column":44}},"loc":{"start":{"line":52,"column":55},"end":{"line":66,"column":5}},"line":52},"8":{"name":"(anonymous_8)","decl":{"start":{"line":53,"column":55},"end":{"line":53,"column":56}},"loc":{"start":{"line":53,"column":67},"end":{"line":65,"column":9}},"line":53},"9":{"name":"(anonymous_9)","decl":{"start":{"line":55,"column":45},"end":{"line":55,"column":46}},"loc":{"start":{"line":55,"column":59},"end":{"line":64,"column":13}},"line":55},"10":{"name":"(anonymous_10)","decl":{"start":{"line":56,"column":52},"end":{"line":56,"column":53}},"loc":{"start":{"line":56,"column":66},"end":{"line":59,"column":17}},"line":56},"11":{"name":"(anonymous_11)","decl":{"start":{"line":59,"column":19},"end":{"line":59,"column":20}},"loc":{"start":{"line":59,"column":33},"end":{"line":62,"column":17}},"line":59},"12":{"name":"(anonymous_12)","decl":{"start":{"line":67,"column":44},"end":{"line":67,"column":45}},"loc":{"start":{"line":67,"column":56},"end":{"line":74,"column":5}},"line":67},"13":{"name":"(anonymous_13)","decl":{"start":{"line":70,"column":38},"end":{"line":70,"column":39}},"loc":{"start":{"line":70,"column":50},"end":{"line":72,"column":13}},"line":70},"14":{"name":"(anonymous_14)","decl":{"start":{"line":75,"column":46},"end":{"line":75,"column":47}},"loc":{"start":{"line":75,"column":58},"end":{"line":79,"column":5}},"line":75},"15":{"name":"(anonymous_15)","decl":{"start":{"line":80,"column":32},"end":{"line":80,"column":33}},"loc":{"start":{"line":80,"column":44},"end":{"line":104,"column":5}},"line":80},"16":{"name":"(anonymous_16)","decl":{"start":{"line":109,"column":14},"end":{"line":109,"column":15}},"loc":{"start":{"line":109,"column":31},"end":{"line":109,"column":62}},"line":109},"17":{"name":"(anonymous_17)","decl":{"start":{"line":114,"column":452},"end":{"line":114,"column":453}},"loc":{"start":{"line":114,"column":469},"end":{"line":114,"column":502}},"line":114},"18":{"name":"(anonymous_18)","decl":{"start":{"line":115,"column":431},"end":{"line":115,"column":432}},"loc":{"start":{"line":115,"column":448},"end":{"line":115,"column":477}},"line":115},"19":{"name":"(anonymous_19)","decl":{"start":{"line":115,"column":479},"end":{"line":115,"column":480}},"loc":{"start":{"line":115,"column":496},"end":{"line":115,"column":527}},"line":115}},"branchMap":{"0":{"loc":{"start":{"line":17,"column":20},"end":{"line":17,"column":76}},"type":"binary-expr","locations":[{"start":{"line":17,"column":20},"end":{"line":17,"column":35}},{"start":{"line":17,"column":39},"end":{"line":17,"column":68}},{"start":{"line":17,"column":72},"end":{"line":17,"column":76}}],"line":17},"1":{"loc":{"start":{"line":31,"column":71},"end":{"line":31,"column":103}},"type":"binary-expr","locations":[{"start":{"line":31,"column":71},"end":{"line":31,"column":84}},{"start":{"line":31,"column":88},"end":{"line":31,"column":103}}],"line":31},"2":{"loc":{"start":{"line":32,"column":12},"end":{"line":48,"column":13}},"type":"if","locations":[{"start":{"line":32,"column":12},"end":{"line":48,"column":13}},{"start":{"line":32,"column":12},"end":{"line":48,"column":13}}],"line":32},"3":{"loc":{"start":{"line":69,"column":8},"end":{"line":73,"column":9}},"type":"if","locations":[{"start":{"line":69,"column":8},"end":{"line":73,"column":9}},{"start":{"line":69,"column":8},"end":{"line":73,"column":9}}],"line":69},"4":{"loc":{"start":{"line":76,"column":8},"end":{"line":78,"column":9}},"type":"if","locations":[{"start":{"line":76,"column":8},"end":{"line":78,"column":9}},{"start":{"line":76,"column":8},"end":{"line":78,"column":9}}],"line":76},"5":{"loc":{"start":{"line":84,"column":15},"end":{"line":103,"column":87}},"type":"cond-expr","locations":[{"start":{"line":84,"column":26},"end":{"line":84,"column":96}},{"start":{"line":84,"column":101},"end":{"line":103,"column":86}}],"line":84},"6":{"loc":{"start":{"line":85,"column":67},"end":{"line":85,"column":135}},"type":"cond-expr","locations":[{"start":{"line":85,"column":89},"end":{"line":85,"column":123}},{"start":{"line":85,"column":126},"end":{"line":85,"column":135}}],"line":85},"7":{"loc":{"start":{"line":85,"column":67},"end":{"line":85,"column":86}},"type":"binary-expr","locations":[{"start":{"line":85,"column":67},"end":{"line":85,"column":76}},{"start":{"line":85,"column":80},"end":{"line":85,"column":86}}],"line":85},"8":{"loc":{"start":{"line":108,"column":54},"end":{"line":109,"column":12}},"type":"binary-expr","locations":[{"start":{"line":108,"column":54},"end":{"line":108,"column":70}},{"start":{"line":108,"column":75},"end":{"line":109,"column":11}}],"line":108},"9":{"loc":{"start":{"line":109,"column":90},"end":{"line":109,"column":355}},"type":"binary-expr","locations":[{"start":{"line":109,"column":90},"end":{"line":109,"column":106}},{"start":{"line":109,"column":111},"end":{"line":109,"column":354}}],"line":109},"10":{"loc":{"start":{"line":110,"column":44},"end":{"line":110,"column":355}},"type":"binary-expr","locations":[{"start":{"line":110,"column":44},"end":{"line":110,"column":60}},{"start":{"line":110,"column":65},"end":{"line":110,"column":354}}],"line":110},"11":{"loc":{"start":{"line":111,"column":66},"end":{"line":111,"column":349}},"type":"binary-expr","locations":[{"start":{"line":111,"column":66},"end":{"line":111,"column":82}},{"start":{"line":111,"column":87},"end":{"line":111,"column":348}}],"line":111},"12":{"loc":{"start":{"line":112,"column":67},"end":{"line":112,"column":148}},"type":"binary-expr","locations":[{"start":{"line":112,"column":67},"end":{"line":112,"column":83}},{"start":{"line":112,"column":88},"end":{"line":112,"column":147}}],"line":112},"13":{"loc":{"start":{"line":113,"column":68},"end":{"line":113,"column":231}},"type":"binary-expr","locations":[{"start":{"line":113,"column":68},"end":{"line":113,"column":84}},{"start":{"line":113,"column":89},"end":{"line":113,"column":230}}],"line":113},"14":{"loc":{"start":{"line":114,"column":67},"end":{"line":114,"column":450}},"type":"binary-expr","locations":[{"start":{"line":114,"column":67},"end":{"line":114,"column":83}},{"start":{"line":114,"column":88},"end":{"line":114,"column":449}}],"line":114},"15":{"loc":{"start":{"line":115,"column":54},"end":{"line":115,"column":429}},"type":"binary-expr","locations":[{"start":{"line":115,"column":54},"end":{"line":115,"column":70}},{"start":{"line":115,"column":75},"end":{"line":115,"column":428}}],"line":115}},"s":{"0":4,"1":4,"2":4,"3":4,"4":4,"5":4,"6":4,"7":4,"8":4,"9":4,"10":4,"11":4,"12":4,"13":4,"14":13,"15":13,"16":13,"17":13,"18":0,"19":13,"20":4,"21":4,"22":4,"23":4,"24":4,"25":4,"26":4,"27":4,"28":4,"29":4,"30":4,"31":31,"32":4,"33":3,"34":2,"35":1,"36":1,"37":13,"38":4,"39":11,"40":11,"41":11,"42":11,"43":11,"44":11,"45":0,"46":0,"47":11,"48":4,"49":18,"50":18,"51":2,"52":0,"53":4,"54":11,"55":2,"56":4,"57":37,"58":37,"59":37,"60":37,"61":37,"62":37,"63":37,"64":37,"65":4,"66":4,"67":4,"68":32,"69":4,"70":4,"71":4,"72":4,"73":4,"74":32,"75":4,"76":32,"77":32},"f":{"0":4,"1":13,"2":0,"3":4,"4":31,"5":2,"6":1,"7":11,"8":11,"9":11,"10":11,"11":0,"12":18,"13":0,"14":11,"15":37,"16":32,"17":32,"18":32,"19":32},"b":{"0":[13,13,13],"1":[31,16],"2":[3,1],"3":[2,16],"4":[2,9],"5":[17,20],"6":[2,18],"7":[20,2],"8":[4,4],"9":[4,4],"10":[4,4],"11":[4,4],"12":[4,4],"13":[4,4],"14":[4,4],"15":[4,4]},"inputSourceMap":{"version":3,"file":"ItemForm.js","sourceRoot":"","sources":["ItemForm.tsx"],"names":[],"mappings":";;;AAAA,sDAAgD;AAChD,oEAA8D;AAC9D,0CAAoC;AACpC,4DAAsD;AACtD,6BAA8B;AAC9B,uDAAsC;AACtC,gCAAsC;AACtC,iCAA+B;AAC/B,uCAAoC;AAEpC,qCAAwD;AAaxD;IAAuB,oCAA+B;IAAtD;QAAA,qEAsGC;QArGC,WAAK,GAAG;YACN,UAAU,EAAE,SAAS;YACrB,KAAK,EAAE,SAAS;YAChB,OAAO,EAAE,IAAI;YACb,SAAS,EAAE,KAAK;SACjB,CAAA;QAED,aAAO,GAAoB,SAAS,CAAA;QAUpC,wBAAkB,GAAG,cAAM,OAAA,KAAI,CAAC,QAAQ,CAAC,EAAE,KAAK,EAAE,SAAS,EAAE,CAAC,EAAnC,CAAmC,CAAA;QAe9D,kBAAY,GAAG,UAAC,EAAuD;YACrE,EAAE,CAAC,cAAc,EAAE,CAAA;YACb,IAAA,8BAAwF,EAAtF,gBAAK,EAAE,wBAAoB,EAAE,sBAAQ,EAAE,cAAI,EAAE,cAAI,EAAE,gBAAmC,CAAA;YAC9F,IAAM,MAAM,GAAG,kCAA0B,CAAC,YAAY,CAAC,KAAK,CAAC,CAAA;YAC7D,IAAM,QAAQ,GAAG,KAAK,CAAC,IAAI,CAAC,EAAE,CAAC,aAAa,CAAC,QAAQ,CAAC,CAAA;YACtD,IAAM,cAAc,GAAG,CAAC,QAAQ,CAAC,IAAI,CAAC,UAAC,EAA6B,IAAK,OAAA,CAAC,CAAC,EAAE,CAAC,QAAQ,IAAI,EAAE,CAAC,KAAK,KAAK,EAAE,EAAhC,CAAgC,CAAC,CAAA;YAC1G,IAAI,cAAc,EAAE;gBAClB,aAAO,CAAC,YAAY;qBACjB,MAAM,CAAC;oBACN,MAAM,QAAA;oBACN,QAAQ,EAAE,QAAQ,CAAC,KAAK;oBACxB,IAAI,EAAE,IAAI,IAAI,CAAC,IAAI,CAAC,KAAK,CAAC,CAAC,WAAW,EAAE;oBACxC,KAAK,EAAE,KAAK,CAAC,KAAK;oBAClB,KAAK,EAAE,KAAK,CAAC,KAAK;oBAClB,IAAI,EAAE,IAAI,CAAC,KAAK;iBACjB,CAAC;qBACD,IAAI,CACH;oBACE,KAAI,CAAC,QAAQ,CAAC,EAAE,SAAS,EAAE,IAAI,EAAE,CAAC,CAAA;gBACpC,CAAC,EACD,UAAC,EAAuB;wBAArB,sBAAQ;oBACT,KAAI,CAAC,QAAQ,CAAC,EAAE,KAAK,EAAE,QAAQ,CAAC,IAAI,CAAC,OAAO,EAAE,CAAC,CAAA;gBACjD,CAAC,CACF,CAAA;aACJ;QACH,CAAC,CAAA;;IA4CH,CAAC;IA7FO,oCAAiB,GAAvB;;;;gBACE,aAAO,CAAC,UAAU,CAAC,GAAG,EAAE,CAAC,IAAI,CAC3B,UAAC,EAAc;wBAAZ,0BAAU;oBAAO,OAAA,KAAI,CAAC,QAAQ,CAAC,EAAE,UAAU,YAAA,EAAE,OAAO,EAAE,KAAK,EAAE,CAAC;gBAA7C,CAA6C,EACjE,UAAC,EAAuB;wBAArB,sBAAQ;oBACT,KAAI,CAAC,QAAQ,CAAC,EAAE,KAAK,EAAE,QAAQ,CAAC,IAAI,CAAC,OAAO,EAAE,CAAC,CAAA;gBACjD,CAAC,CACF,CAAA;;;;KACF;IAID,qCAAkB,GAAlB;QAAA,iBAMC;QALC,IAAI,IAAI,CAAC,KAAK,CAAC,SAAS,EAAE;YACxB,IAAI,CAAC,OAAO,GAAG,UAAU,CAAC;gBACxB,KAAI,CAAC,QAAQ,CAAC,EAAE,SAAS,EAAE,KAAK,EAAE,CAAC,CAAA;YACrC,CAAC,EAAE,IAAI,CAAC,CAAA;SACT;IACH,CAAC;IACD,uCAAoB,GAApB;QACE,IAAI,IAAI,CAAC,OAAO,EAAE;YAChB,YAAY,CAAC,IAAI,CAAC,OAAO,CAAC,CAAA;SAC3B;IACH,CAAC;IA6BD,yBAAM,GAAN;QACE,IAAM,GAAG,GAAG,IAAI,IAAI,CAAC,IAAI,CAAC,GAAG,EAAE,CAAC,CAAA;QAChC,IAAM,WAAW,GAAG,GAAG,CAAC,WAAW,EAAE,CAAC,KAAK,CAAC,CAAC,EAAE,EAAE,CAAC,CAAA;QAE5C,IAAA,eAAsD,EAApD,oBAAO,EAAE,0BAAU,EAAE,gBAAK,EAAE,wBAAwB,CAAA;QAC5D,OAAO,OAAO,CAAC,CAAC,CAAC,CACf,4CAAiB,SAAS,EAAC,MAAM,EAAE,IAAI,GAAI,CAC5C,CAAC,CAAC,CAAC,CACF;YACE,oBAAC,eAAK,IACJ,cAAc,EAAE,SAAS,IAAI,CAAC,KAAK,CAAC,CAAC,CAAC,kCAAkC,CAAC,CAAC,CAAC,SAAS,EACpF,SAAS,EAAE,SAAS,EACpB,KAAK,EAAE,KAAK,EACZ,YAAY,EAAE,IAAI,CAAC,kBAAkB,GACrC;YACF,oBAAC,eAAe,IAAC,SAAS,EAAC,WAAW;gBACpC,4BAAI,SAAS,EAAC,SAAS,yBAAwB;gBAC/C,oBAAC,IAAI,IAAC,QAAQ,EAAE,IAAI,CAAC,YAAY;oBAC/B,oBAAC,cAAc;wBACb,+BAAO,OAAO,EAAC,MAAM,WAAa;wBAClC,+BAAO,IAAI,EAAC,MAAM,EAAC,EAAE,EAAC,MAAM,EAAC,IAAI,EAAC,MAAM,EAAC,YAAY,EAAE,WAAW,EAAE,QAAQ,EAAE,IAAI,GAAI,CACvE;oBACjB,oBAAC,eAAe;wBACd,+BAAO,OAAO,EAAC,OAAO,wBAA0B;wBAChD,+BAAO,IAAI,EAAC,MAAM,EAAC,EAAE,EAAC,OAAO,EAAC,IAAI,EAAC,OAAO,EAAC,WAAW,EAAC,eAAe,EAAC,QAAQ,EAAE,IAAI,GAAI,CACzE;oBAClB,oBAAC,4BAAkB,IAAC,UAAU,EAAE,UAAU,GAAI;oBAC9C,oBAAC,gBAAgB;wBACf,+BAAO,OAAO,EAAC,QAAQ,aAAe;wBACtC,oBAAC,qBAAW,IAAC,EAAE,EAAC,QAAQ,EAAC,IAAI,EAAC,QAAQ,EAAC,WAAW,EAAC,OAAO,EAAC,QAAQ,EAAE,IAAI,GAAI,CAC5D;oBACnB,oBAAC,wBAAc,OAAG;oBAClB,oBAAC,eAAe;wBACd,+BAAO,OAAO,EAAC,OAAO,YAAc;wBACpC,kCAAU,EAAE,EAAC,OAAO,EAAC,IAAI,EAAC,OAAO,EAAC,WAAW,EAAC,mDAAmD,GAAG,CACpF;oBAClB,oBAAC,YAAY,IAAC,IAAI,EAAC,QAAQ,aAAsB,CAC5C,CACS,CACjB,CACJ,CAAA;IACH,CAAC;IACH,eAAC;AAAD,CAAC,AAtGD,CAAuB,KAAK,CAAC,SAAS,GAsGrC;AAED,kBAAe,QAAQ,CAAA;AAEvB,IAAM,eAAe,GAAG,2BAAM,CAAC,GAAG,iSAAA,qEAIrB,EAA4B,wIAOrC;IAMH,KACA,KAdY,UAAA,KAAK,IAAI,OAAA,KAAK,CAAC,KAAK,CAAC,OAAO,EAAnB,CAAmB,EAOrC,cAAK,CAAC,UAAU,yKAAA,8FAMnB,KACA,CAAA;AACD,IAAM,IAAI,GAAG,2BAAM,CAAC,IAAI,gMAAA,qHAMvB,IAAA,CAAA;AACD,IAAM,cAAc,GAAG,2BAAM,CAAC,eAAU,CAAC,kLAAA,uGAMxC,IAAA,CAAA;AACD,IAAM,eAAe,GAAG,2BAAM,CAAC,eAAU,CAAC,6EAAA,EAAE,IAAA,CAAA;AAC5C,IAAM,gBAAgB,GAAG,2BAAM,CAAC,eAAU,CAAC,sHAAA,2CAG1C,IAAA,CAAA;AACD,IAAM,eAAe,GAAG,2BAAM,CAAC,eAAU,CAAC,oOAAA,0GAKxB,EAA8B,6CAI/C,KAJiB,UAAA,KAAK,IAAI,OAAA,KAAK,CAAC,KAAK,CAAC,SAAS,EAArB,CAAqB,CAI/C,CAAA;AACD,IAAM,YAAY,GAAG,2BAAM,CAAC,MAAM,gOAAA,oCAEvB,EAA0B,mBACrB,EAA4B,0FAK3C,KANU,UAAA,KAAK,IAAI,OAAA,KAAK,CAAC,KAAK,CAAC,KAAK,EAAjB,CAAiB,EACrB,UAAA,KAAK,IAAI,OAAA,KAAK,CAAC,KAAK,CAAC,OAAO,EAAnB,CAAmB,CAK3C,CAAA","sourcesContent":["import AmountInput from 'components/AmountInput'\r\nimport CategoryInputGroup from 'components/CategoryInputGroup'\r\nimport Flash from 'components/Flash'\r\nimport TypeInputGroup from 'components/TypeInputGroup'\r\nimport * as React from 'react'\r\nimport styled from 'styled-components'\r\nimport { InputGroup } from 'styles/SC'\r\nimport restApi from 'utils/api'\r\nimport { media } from 'utils/mixins'\r\nimport { IApiError, ITransactionForm, IUser } from 'utils/types'\r\nimport { convertToNumAndRemoveDSign } from 'utils/utils'\r\n\r\ninterface IProps {\r\n  user: IUser\r\n}\r\n\r\ninterface IState {\r\n  categories?: string[]\r\n  error?: string\r\n  loading: boolean\r\n  submitted: boolean\r\n}\r\n\r\nclass ItemForm extends React.Component<IProps, IState> {\r\n  state = {\r\n    categories: undefined,\r\n    error: undefined,\r\n    loading: true,\r\n    submitted: false,\r\n  }\r\n\r\n  timeout?: NodeJS.Timeout = undefined\r\n  async componentDidMount() {\r\n    restApi.categories.get().then(\r\n      ({ categories }) => this.setState({ categories, loading: false }),\r\n      ({ response }: IApiError) => {\r\n        this.setState({ error: response.data.message })\r\n      }\r\n    )\r\n  }\r\n\r\n  flashClosedClicked = () => this.setState({ error: undefined })\r\n\r\n  componentDidUpdate() {\r\n    if (this.state.submitted) {\r\n      this.timeout = setTimeout(() => {\r\n        this.setState({ submitted: false })\r\n      }, 2000)\r\n    }\r\n  }\r\n  componentWillUnmount() {\r\n    if (this.timeout) {\r\n      clearTimeout(this.timeout)\r\n    }\r\n  }\r\n\r\n  handleSubmit = (ev: React.FormEvent<HTMLFormElement> & ITransactionForm) => {\r\n    ev.preventDefault()\r\n    const { title, amount: stringAmount, category, date, type, notes } = ev.currentTarget.elements\r\n    const amount = convertToNumAndRemoveDSign(stringAmount.value)\r\n    const elements = Array.from(ev.currentTarget.elements)\r\n    const shouldContinue = !elements.some((el: Partial<HTMLInputElement>) => !!el.required && el.value === '')\r\n    if (shouldContinue) {\r\n      restApi.transactions\r\n        .create({\r\n          amount,\r\n          category: category.value,\r\n          date: new Date(date.value).toISOString(),\r\n          notes: notes.value,\r\n          title: title.value,\r\n          type: type.value,\r\n        })\r\n        .then(\r\n          () => {\r\n            this.setState({ submitted: true })\r\n          },\r\n          ({ response }: IApiError) => {\r\n            this.setState({ error: response.data.message })\r\n          }\r\n        )\r\n    }\r\n  }\r\n\r\n  render() {\r\n    const now = new Date(Date.now())\r\n    const nowForInput = now.toISOString().slice(0, 10)\r\n\r\n    const { loading, categories, error, submitted } = this.state\r\n    return loading ? (\r\n      <div data-testid=\"loading\" hidden={true} />\r\n    ) : (\r\n      <>\r\n        <Flash\r\n          successMessage={submitted && !error ? 'Transaction created successfully' : undefined}\r\n          submitted={submitted}\r\n          error={error}\r\n          closeClicked={this.flashClosedClicked}\r\n        />\r\n        <ItemFormWrapper className=\"item-form\">\r\n          <h2 className=\"heading\">Create Transaction</h2>\r\n          <Form onSubmit={this.handleSubmit}>\r\n            <DateInputGroup>\r\n              <label htmlFor=\"date\">Date</label>\r\n              <input type=\"date\" id=\"date\" name=\"date\" defaultValue={nowForInput} required={true} />\r\n            </DateInputGroup>\r\n            <TitleInputGroup>\r\n              <label htmlFor=\"title\">Transaction Title</label>\r\n              <input type=\"text\" id=\"title\" name=\"title\" placeholder=\"Ramen Noodles\" required={true} />\r\n            </TitleInputGroup>\r\n            <CategoryInputGroup categories={categories} />\r\n            <AmountInputGroup>\r\n              <label htmlFor=\"amount\">Amount</label>\r\n              <AmountInput id=\"amount\" name=\"amount\" placeholder=\"$3.78\" required={true} />\r\n            </AmountInputGroup>\r\n            <TypeInputGroup />\r\n            <NotesInputGroup>\r\n              <label htmlFor=\"notes\">Notes</label>\r\n              <textarea id=\"notes\" name=\"notes\" placeholder=\"Brianna is my love so I bought her something nice\" />\r\n            </NotesInputGroup>\r\n            <SubmitButton type=\"submit\">Submit</SubmitButton>\r\n          </Form>\r\n        </ItemFormWrapper>\r\n      </>\r\n    )\r\n  }\r\n}\r\n\r\nexport default ItemForm\r\n\r\nconst ItemFormWrapper = styled.div`\r\n  margin: 2rem;\r\n  border-radius: 5px;\r\n  .heading {\r\n    color: ${props => props.theme.primary};\r\n    width: 100%;\r\n    text-align: center;\r\n    padding: 1rem;\r\n    margin-bottom: 1.5rem;\r\n    border-radius: 4px 4px 0 0;\r\n  }\r\n  ${media.tabletPort`\r\n    margin: 0;\r\n    border-radius: 0;\r\n    .heading {\r\n      margin-bottom: 1rem;\r\n    }\r\n`};\r\n`\r\nconst Form = styled.form`\r\n  display: flex;\r\n  flex-wrap: wrap;\r\n  padding: 0 2rem 2rem;\r\n  justify-content: center;\r\n  max-width: 1000px;\r\n`\r\nconst DateInputGroup = styled(InputGroup)`\r\n  input {\r\n    padding-right: 0.3rem;\r\n    vertical-align: middle;\r\n    line-height: 3.4rem;\r\n  }\r\n`\r\nconst TitleInputGroup = styled(InputGroup)``\r\nconst AmountInputGroup = styled(InputGroup)`\r\n  flex-basis: 10rem;\r\n  flex-grow: 0;\r\n`\r\nconst NotesInputGroup = styled(InputGroup)`\r\n  textarea {\r\n    width: 100%;\r\n    padding: 0.7rem 1.2rem;\r\n    border-radius: 5px;\r\n    background: ${props => props.theme.lightGrey};\r\n    border: none;\r\n  }\r\n  width: 100%;\r\n`\r\nconst SubmitButton = styled.button`\r\n  border-radius: 5px;\r\n  color: ${props => props.theme.white};\r\n  background: ${props => props.theme.primary};\r\n  border: none;\r\n  padding: 1rem 1.5rem;\r\n  font-weight: 600;\r\n  font-size: 1.8rem;\r\n`\r\n"]},"_coverageSchema":"332fd63041d2c1bcb487cc26dd0d5f7d97098a6c","hash":"a0a21368a7a4d862e626030fdc102ad528b4109c"}
,"C:\\Alex\\Web-Dev\\Git-Repositories\\wendte-budget\\client\\src\\index.tsx": {"path":"C:\\Alex\\Web-Dev\\Git-Repositories\\wendte-budget\\client\\src\\index.tsx","statementMap":{"0":{"start":{"line":1,"column":13},"end":{"line":1,"column":1659}},"1":{"start":{"line":1,"column":1659},"end":{"line":1,"column":1672}},"2":{"start":{"line":2,"column":0},"end":{"line":2,"column":62}},"3":{"start":{"line":3,"column":12},"end":{"line":3,"column":28}},"4":{"start":{"line":4,"column":15},"end":{"line":4,"column":35}},"5":{"start":{"line":5,"column":12},"end":{"line":5,"column":32}},"6":{"start":{"line":6,"column":12},"end":{"line":6,"column":28}},"7":{"start":{"line":7,"column":0},"end":{"line":7,"column":30}},"8":{"start":{"line":8,"column":0},"end":{"line":8,"column":30}},"9":{"start":{"line":10,"column":0},"end":{"line":10,"column":21}},"10":{"start":{"line":11,"column":0},"end":{"line":11,"column":91}}},"fnMap":{},"branchMap":{},"s":{"0":0,"1":0,"2":0,"3":0,"4":0,"5":0,"6":0,"7":0,"8":0,"9":0,"10":0},"f":{},"b":{}}
,"C:\\Alex\\Web-Dev\\Git-Repositories\\wendte-budget\\client\\src\\components\\AmountInput.tsx": {"path":"C:\\Alex\\Web-Dev\\Git-Repositories\\wendte-budget\\client\\src\\components\\AmountInput.tsx","statementMap":{"0":{"start":{"line":3,"column":0},"end":{"line":3,"column":62}},"1":{"start":{"line":4,"column":14},"end":{"line":4,"column":30}},"2":{"start":{"line":5,"column":12},"end":{"line":5,"column":28}},"3":{"start":{"line":6,"column":26},"end":{"line":6,"column":54}},"4":{"start":{"line":7,"column":15},"end":{"line":7,"column":38}},"5":{"start":{"line":8,"column":14},"end":{"line":8,"column":36}},"6":{"start":{"line":9,"column":33},"end":{"line":84,"column":18}},"7":{"start":{"line":10,"column":4},"end":{"line":10,"column":43}},"8":{"start":{"line":12,"column":20},"end":{"line":12,"column":76}},"9":{"start":{"line":13,"column":8},"end":{"line":16,"column":10}},"10":{"start":{"line":17,"column":8},"end":{"line":42,"column":10}},"11":{"start":{"line":18,"column":30},"end":{"line":18,"column":46}},"12":{"start":{"line":19,"column":26},"end":{"line":19,"column":45}},"13":{"start":{"line":20,"column":26},"end":{"line":20,"column":31}},"14":{"start":{"line":21,"column":12},"end":{"line":23,"column":13}},"15":{"start":{"line":22,"column":16},"end":{"line":22,"column":31}},"16":{"start":{"line":24,"column":12},"end":{"line":26,"column":13}},"17":{"start":{"line":25,"column":16},"end":{"line":25,"column":31}},"18":{"start":{"line":27,"column":27},"end":{"line":27,"column":102}},"19":{"start":{"line":28,"column":12},"end":{"line":30,"column":13}},"20":{"start":{"line":29,"column":16},"end":{"line":29,"column":31}},"21":{"start":{"line":31,"column":34},"end":{"line":31,"column":85}},"22":{"start":{"line":32,"column":12},"end":{"line":34,"column":13}},"23":{"start":{"line":33,"column":16},"end":{"line":33,"column":31}},"24":{"start":{"line":35,"column":37},"end":{"line":40,"column":13}},"25":{"start":{"line":36,"column":16},"end":{"line":38,"column":17}},"26":{"start":{"line":37,"column":20},"end":{"line":37,"column":29}},"27":{"start":{"line":39,"column":16},"end":{"line":39,"column":76}},"28":{"start":{"line":41,"column":12},"end":{"line":41,"column":81}},"29":{"start":{"line":43,"column":8},"end":{"line":56,"column":10}},"30":{"start":{"line":44,"column":12},"end":{"line":44,"column":32}},"31":{"start":{"line":45,"column":24},"end":{"line":45,"column":46}},"32":{"start":{"line":46,"column":21},"end":{"line":46,"column":60}},"33":{"start":{"line":46,"column":72},"end":{"line":46,"column":82}},"34":{"start":{"line":46,"column":99},"end":{"line":46,"column":114}},"35":{"start":{"line":47,"column":12},"end":{"line":55,"column":13}},"36":{"start":{"line":49,"column":16},"end":{"line":51,"column":19}},"37":{"start":{"line":50,"column":20},"end":{"line":50,"column":54}},"38":{"start":{"line":54,"column":16},"end":{"line":54,"column":77}},"39":{"start":{"line":57,"column":8},"end":{"line":66,"column":10}},"40":{"start":{"line":58,"column":12},"end":{"line":65,"column":15}},"41":{"start":{"line":59,"column":31},"end":{"line":59,"column":64}},"42":{"start":{"line":60,"column":32},"end":{"line":60,"column":69}},"43":{"start":{"line":61,"column":16},"end":{"line":63,"column":17}},"44":{"start":{"line":62,"column":20},"end":{"line":62,"column":61}},"45":{"start":{"line":64,"column":16},"end":{"line":64,"column":65}},"46":{"start":{"line":67,"column":8},"end":{"line":67,"column":21}},"47":{"start":{"line":69,"column":4},"end":{"line":73,"column":6}},"48":{"start":{"line":70,"column":17},"end":{"line":70,"column":27}},"49":{"start":{"line":70,"column":40},"end":{"line":70,"column":51}},"50":{"start":{"line":70,"column":65},"end":{"line":70,"column":77}},"51":{"start":{"line":70,"column":86},"end":{"line":70,"column":131}},"52":{"start":{"line":71,"column":17},"end":{"line":71,"column":27}},"53":{"start":{"line":71,"column":42},"end":{"line":71,"column":55}},"54":{"start":{"line":71,"column":67},"end":{"line":71,"column":77}},"55":{"start":{"line":72,"column":8},"end":{"line":72,"column":316}},"56":{"start":{"line":72,"column":247},"end":{"line":72,"column":288}},"57":{"start":{"line":74,"column":4},"end":{"line":82,"column":6}},"58":{"start":{"line":83,"column":4},"end":{"line":83,"column":23}},"59":{"start":{"line":85,"column":0},"end":{"line":85,"column":30}},"60":{"start":{"line":86,"column":18},"end":{"line":86,"column":1055}}},"fnMap":{"0":{"name":"(anonymous_0)","decl":{"start":{"line":9,"column":33},"end":{"line":9,"column":34}},"loc":{"start":{"line":9,"column":51},"end":{"line":84,"column":1}},"line":9},"1":{"name":"AmountInput","decl":{"start":{"line":11,"column":13},"end":{"line":11,"column":24}},"loc":{"start":{"line":11,"column":27},"end":{"line":68,"column":5}},"line":11},"2":{"name":"(anonymous_2)","decl":{"start":{"line":17,"column":43},"end":{"line":17,"column":44}},"loc":{"start":{"line":17,"column":60},"end":{"line":42,"column":9}},"line":17},"3":{"name":"(anonymous_3)","decl":{"start":{"line":35,"column":37},"end":{"line":35,"column":38}},"loc":{"start":{"line":35,"column":50},"end":{"line":40,"column":13}},"line":35},"4":{"name":"(anonymous_4)","decl":{"start":{"line":43,"column":29},"end":{"line":43,"column":30}},"loc":{"start":{"line":43,"column":43},"end":{"line":56,"column":9}},"line":43},"5":{"name":"(anonymous_5)","decl":{"start":{"line":49,"column":51},"end":{"line":49,"column":52}},"loc":{"start":{"line":49,"column":63},"end":{"line":51,"column":17}},"line":49},"6":{"name":"(anonymous_6)","decl":{"start":{"line":57,"column":27},"end":{"line":57,"column":28}},"loc":{"start":{"line":57,"column":39},"end":{"line":66,"column":9}},"line":57},"7":{"name":"(anonymous_7)","decl":{"start":{"line":58,"column":27},"end":{"line":58,"column":28}},"loc":{"start":{"line":58,"column":44},"end":{"line":65,"column":13}},"line":58},"8":{"name":"(anonymous_8)","decl":{"start":{"line":69,"column":35},"end":{"line":69,"column":36}},"loc":{"start":{"line":69,"column":47},"end":{"line":73,"column":5}},"line":69},"9":{"name":"(anonymous_9)","decl":{"start":{"line":72,"column":231},"end":{"line":72,"column":232}},"loc":{"start":{"line":72,"column":245},"end":{"line":72,"column":290}},"line":72}},"branchMap":{"0":{"loc":{"start":{"line":12,"column":20},"end":{"line":12,"column":76}},"type":"binary-expr","locations":[{"start":{"line":12,"column":20},"end":{"line":12,"column":35}},{"start":{"line":12,"column":39},"end":{"line":12,"column":68}},{"start":{"line":12,"column":72},"end":{"line":12,"column":76}}],"line":12},"1":{"loc":{"start":{"line":14,"column":24},"end":{"line":14,"column":47}},"type":"binary-expr","locations":[{"start":{"line":14,"column":24},"end":{"line":14,"column":41}},{"start":{"line":14,"column":45},"end":{"line":14,"column":47}}],"line":14},"2":{"loc":{"start":{"line":21,"column":12},"end":{"line":23,"column":13}},"type":"if","locations":[{"start":{"line":21,"column":12},"end":{"line":23,"column":13}},{"start":{"line":21,"column":12},"end":{"line":23,"column":13}}],"line":21},"3":{"loc":{"start":{"line":21,"column":16},"end":{"line":21,"column":47}},"type":"binary-expr","locations":[{"start":{"line":21,"column":16},"end":{"line":21,"column":24}},{"start":{"line":21,"column":28},"end":{"line":21,"column":47}}],"line":21},"4":{"loc":{"start":{"line":24,"column":12},"end":{"line":26,"column":13}},"type":"if","locations":[{"start":{"line":24,"column":12},"end":{"line":26,"column":13}},{"start":{"line":24,"column":12},"end":{"line":26,"column":13}}],"line":24},"5":{"loc":{"start":{"line":27,"column":27},"end":{"line":27,"column":102}},"type":"cond-expr","locations":[{"start":{"line":27,"column":54},"end":{"line":27,"column":85}},{"start":{"line":27,"column":88},"end":{"line":27,"column":102}}],"line":27},"6":{"loc":{"start":{"line":28,"column":12},"end":{"line":30,"column":13}},"type":"if","locations":[{"start":{"line":28,"column":12},"end":{"line":30,"column":13}},{"start":{"line":28,"column":12},"end":{"line":30,"column":13}}],"line":28},"7":{"loc":{"start":{"line":31,"column":34},"end":{"line":31,"column":85}},"type":"cond-expr","locations":[{"start":{"line":31,"column":56},"end":{"line":31,"column":74}},{"start":{"line":31,"column":77},"end":{"line":31,"column":85}}],"line":31},"8":{"loc":{"start":{"line":32,"column":12},"end":{"line":34,"column":13}},"type":"if","locations":[{"start":{"line":32,"column":12},"end":{"line":34,"column":13}},{"start":{"line":32,"column":12},"end":{"line":34,"column":13}}],"line":32},"9":{"loc":{"start":{"line":36,"column":16},"end":{"line":38,"column":17}},"type":"if","locations":[{"start":{"line":36,"column":16},"end":{"line":38,"column":17}},{"start":{"line":36,"column":16},"end":{"line":38,"column":17}}],"line":36},"10":{"loc":{"start":{"line":36,"column":20},"end":{"line":36,"column":54}},"type":"binary-expr","locations":[{"start":{"line":36,"column":20},"end":{"line":36,"column":29}},{"start":{"line":36,"column":33},"end":{"line":36,"column":42}},{"start":{"line":36,"column":46},"end":{"line":36,"column":54}}],"line":36},"11":{"loc":{"start":{"line":39,"column":24},"end":{"line":39,"column":50}},"type":"cond-expr","locations":[{"start":{"line":39,"column":42},"end":{"line":39,"column":45}},{"start":{"line":39,"column":48},"end":{"line":39,"column":50}}],"line":39},"12":{"loc":{"start":{"line":47,"column":12},"end":{"line":55,"column":13}},"type":"if","locations":[{"start":{"line":47,"column":12},"end":{"line":55,"column":13}},{"start":{"line":47,"column":12},"end":{"line":55,"column":13}}],"line":47},"13":{"loc":{"start":{"line":61,"column":16},"end":{"line":63,"column":17}},"type":"if","locations":[{"start":{"line":61,"column":16},"end":{"line":63,"column":17}},{"start":{"line":61,"column":16},"end":{"line":63,"column":17}}],"line":61},"14":{"loc":{"start":{"line":72,"column":138},"end":{"line":72,"column":153}},"type":"binary-expr","locations":[{"start":{"line":72,"column":138},"end":{"line":72,"column":147}},{"start":{"line":72,"column":151},"end":{"line":72,"column":153}}],"line":72},"15":{"loc":{"start":{"line":72,"column":164},"end":{"line":72,"column":188}},"type":"cond-expr","locations":[{"start":{"line":72,"column":174},"end":{"line":72,"column":183}},{"start":{"line":72,"column":186},"end":{"line":72,"column":188}}],"line":72},"16":{"loc":{"start":{"line":72,"column":254},"end":{"line":72,"column":287}},"type":"binary-expr","locations":[{"start":{"line":72,"column":254},"end":{"line":72,"column":263}},{"start":{"line":72,"column":267},"end":{"line":72,"column":287}}],"line":72},"17":{"loc":{"start":{"line":86,"column":52},"end":{"line":86,"column":989}},"type":"binary-expr","locations":[{"start":{"line":86,"column":52},"end":{"line":86,"column":68}},{"start":{"line":86,"column":73},"end":{"line":86,"column":988}}],"line":86}},"s":{"0":5,"1":5,"2":5,"3":5,"4":5,"5":5,"6":5,"7":5,"8":52,"9":52,"10":52,"11":19,"12":19,"13":19,"14":19,"15":2,"16":19,"17":1,"18":19,"19":19,"20":1,"21":19,"22":19,"23":5,"24":19,"25":19,"26":2,"27":17,"28":19,"29":52,"30":19,"31":19,"32":19,"33":19,"34":19,"35":19,"36":8,"37":8,"38":11,"39":52,"40":4,"41":4,"42":4,"43":4,"44":1,"45":3,"46":52,"47":5,"48":105,"49":105,"50":105,"51":105,"52":105,"53":105,"54":105,"55":105,"56":0,"57":5,"58":5,"59":5,"60":5},"f":{"0":5,"1":52,"2":19,"3":19,"4":19,"5":8,"6":4,"7":4,"8":105,"9":0},"b":{"0":[52,52,52],"1":[52,23],"2":[2,17],"3":[19,16],"4":[1,18],"5":[9,10],"6":[1,18],"7":[5,14],"8":[5,14],"9":[2,17],"10":[19,18,17],"11":[4,13],"12":[8,11],"13":[1,3],"14":[105,61],"15":[9,96],"16":[0,0],"17":[5,5]},"inputSourceMap":{"version":3,"file":"AmountInput.js","sourceRoot":"","sources":["AmountInput.tsx"],"names":[],"mappings":";AAAA,eAAe;;;AAEf,6BAA8B;AAC9B,uDAAsC;AACtC,uCAAyC;AACzC,qCAAyC;AAmBzC;IAAyC,uCAA+B;IAAxE;QAAA,qEAoFC;QAzEC,WAAK,GAAG;YACN,UAAU,EAAE,KAAI,CAAC,KAAK,CAAC,KAAK,IAAI,EAAE;YAClC,OAAO,EAAE,KAAK;SACf,CAAA;QAED,gCAA0B,GAAG,UAAC,KAAa;YACzC,IAAM,WAAW,GAAG,KAAK,CAAC,KAAK,CAAC,GAAG,CAAC,CAAA;YAC5B,IAAA,6BAAO,CAAe;YAE9B,IAAI,OAAO,GAAG,KAAK,CAAA;YACnB,IAAI,CAAC,OAAO,IAAI,KAAK,CAAC,QAAQ,CAAC,GAAG,CAAC,EAAE;gBACnC,OAAO,GAAG,IAAI,CAAA;aACf;YACD,IAAI,WAAW,CAAC,MAAM,GAAG,CAAC,EAAE;gBAC1B,OAAO,GAAG,IAAI,CAAA;aACf;YACD,IAAM,QAAQ,GAAG,WAAW,CAAC,MAAM,KAAK,CAAC,CAAC,CAAC,CAAC,WAAW,CAAC,CAAC,CAAC,GAAG,WAAW,CAAC,CAAC,CAAC,CAAC,CAAC,CAAC,WAAW,CAAC,CAAC,CAAC,CAAA;YAC5F,IAAI,KAAK,CAAC,KAAK,CAAC,GAAG,CAAC,CAAC,MAAM,GAAG,CAAC,EAAE;gBAC/B,OAAO,GAAG,IAAI,CAAA;aACf;YACD,IAAM,eAAe,GAAG,QAAQ,CAAC,CAAC,CAAC,KAAK,GAAG,CAAC,CAAC,CAAC,QAAQ,CAAC,MAAM,CAAC,CAAC,CAAC,CAAC,CAAC,CAAC,QAAQ,CAAA;YAC3E,IAAI,mBAAW,CAAC,eAAe,CAAC,EAAE;gBAChC,OAAO,GAAG,IAAI,CAAA;aACf;YAED,IAAM,kBAAkB,GAAG,UAAC,CAAS;gBACnC,IAAI,CAAC,KAAK,GAAG,IAAI,CAAC,KAAK,GAAG,IAAI,CAAC,KAAK,EAAE,EAAE;oBACtC,OAAO,CAAC,CAAA;iBACT;gBACD,OAAO,CAAG,CAAC,CAAC,QAAQ,CAAC,GAAG,CAAC,CAAC,CAAC,CAAC,GAAG,CAAC,CAAC,CAAC,EAAE,UAAI,eAAiB,CAAA;YAC3D,CAAC,CAAA;YACD,OAAO,EAAE,OAAO,SAAA,EAAE,YAAY,EAAE,kBAAkB,CAAC,KAAK,CAAC,EAAE,CAAA;QAC7D,CAAC,CAAA;QACD,kBAAY,GAAG,UAAC,EAAuC;YACrD,EAAE,CAAC,cAAc,EAAE,CAAA;YACX,IAAA,8BAAK,CAAqB;YAC5B,IAAA,4CAAkE,EAAhE,oBAAO,EAAE,8BAAuD,CAAA;YACxE,IAAI,OAAO,EAAE;gBACX,gDAAgD;gBAChD,KAAI,CAAC,QAAQ,CAAC,EAAE,OAAO,EAAE,KAAK,EAAE,EAAE;oBAChC,KAAI,CAAC,QAAQ,CAAC,EAAE,OAAO,EAAE,IAAI,EAAE,CAAC,CAAA;gBAClC,CAAC,CAAC,CAAA;aACH;iBAAM;gBACL,KAAI,CAAC,QAAQ,CAAC,EAAE,UAAU,EAAE,YAAY,EAAE,OAAO,EAAE,KAAK,EAAE,CAAC,CAAA;aAC5D;QACH,CAAC,CAAA;QAED,gBAAU,GAAG;YACX,KAAI,CAAC,QAAQ,CAAC,UAAA,KAAK;gBACjB,IAAM,QAAQ,GAAG,KAAK,CAAC,UAAU,CAAC,OAAO,CAAC,GAAG,EAAE,EAAE,CAAC,CAAA;gBAClD,IAAM,SAAS,GAAG,MAAI,UAAU,CAAC,QAAQ,CAAC,CAAC,OAAO,CAAC,CAAC,CAAG,CAAA;gBACvD,IAAI,KAAK,CAAC,UAAU,KAAK,GAAG,EAAE;oBAC5B,OAAO,EAAE,UAAU,EAAE,EAAE,EAAE,OAAO,EAAE,IAAI,EAAE,CAAA;iBACzC;gBACD,OAAO,EAAE,UAAU,EAAE,SAAS,EAAE,OAAO,EAAE,KAAK,EAAE,CAAA;YAClD,CAAC,CAAC,CAAA;QACJ,CAAC,CAAA;;IAiBH,CAAC;IAfC,4BAAM,GAAN;QACE,IAAM,eAA6C,EAA3C,sBAAQ,EAAE,wBAAS,EAAE,oDAAsB,CAAA;QAC7C,IAAA,eAAoC,EAAlC,0BAAU,EAAE,oBAAsB,CAAA;QAC1C,OAAO,CACL,oBAAC,WAAW,uBACN,IAAI,IACR,KAAK,EAAE,UAAU,EACjB,QAAQ,EAAE,IAAI,CAAC,YAAY,EAC3B,SAAS,EAAE,CAAG,SAAS,IAAI,EAAE,WAAI,OAAO,CAAC,CAAC,CAAC,SAAS,CAAC,CAAC,CAAC,EAAE,OAAG,EAC5D,MAAM,EAAE,IAAI,CAAC,UAAU,EACvB,OAAO,EAAE,UAAA,EAAE,IAAI,OAAA,CAAC,QAAQ,IAAI,EAAE,CAAC,eAAe,EAAE,EAAjC,CAAiC,EAChD,QAAQ,EAAE,QAAQ,IAClB,CACH,CAAA;IACH,CAAC;IAlFM,wBAAY,GAAoB;QACrC,YAAY,EAAE,QAAQ;QACtB,SAAS,EAAE,SAAS;QACpB,EAAE,EAAE,QAAQ;QACZ,OAAO,EAAE,KAAK;QACd,WAAW,EAAE,OAAO;QACpB,QAAQ,EAAE,KAAK;QACf,KAAK,EAAE,SAAS;KACjB,CAAA;IA2EH,kBAAC;CAAA,AApFD,CAAyC,KAAK,CAAC,SAAS,GAoFvD;kBApFoB,WAAW;AAqFhC,IAAM,WAAW,GAAG,2BAAM,CAAC,KAAK,yfAAA,sSAkB5B,EAAsD,sIAOzD,KAPG,mBAAU,CAAC,EAAE,IAAI,EAAE,aAAa,EAAE,IAAI,EAAE,WAAW,EAAE,CAAC,CAOzD,CAAA","sourcesContent":["// @flow strict\r\n\r\nimport * as React from 'react'\r\nimport styled from 'styled-components'\r\nimport { transition } from 'utils/mixins'\r\nimport { isNotNumber } from 'utils/utils'\r\n\r\ninterface IProps {\r\n  id?: string\r\n  'aria-label'?: string\r\n  placeholder?: string\r\n  value?: string\r\n  className?: string\r\n  inTable?: boolean\r\n  readOnly?: boolean\r\n  name?: string\r\n  required?: boolean\r\n}\r\n\r\ninterface IState {\r\n  inputValue: string\r\n  invalid: boolean\r\n}\r\n\r\nexport default class AmountInput extends React.Component<IProps, IState> {\r\n  static defaultProps: Partial<IProps> = {\r\n    'aria-label': 'amount',\r\n    className: undefined,\r\n    id: 'amount',\r\n    inTable: false,\r\n    placeholder: '$3.78',\r\n    readOnly: false,\r\n    value: undefined,\r\n  }\r\n\r\n  state = {\r\n    inputValue: this.props.value || '',\r\n    invalid: false,\r\n  }\r\n\r\n  validateAndGetReturnString = (value: string) => {\r\n    const dollarParts = value.split('$')\r\n    const { inTable } = this.props\r\n\r\n    let invalid = false\r\n    if (!inTable && value.includes('-')) {\r\n      invalid = true\r\n    }\r\n    if (dollarParts.length > 2) {\r\n      invalid = true\r\n    }\r\n    const noDollar = dollarParts.length === 2 ? dollarParts[0] + dollarParts[1] : dollarParts[0]\r\n    if (value.split('-').length > 2) {\r\n      invalid = true\r\n    }\r\n    const noMinusOrDollar = noDollar[0] === '-' ? noDollar.substr(1) : noDollar\r\n    if (isNotNumber(noMinusOrDollar)) {\r\n      invalid = true\r\n    }\r\n\r\n    const withMinusAndDollar = (v: string): string => {\r\n      if (v === '$' || v === '-' || v === '') {\r\n        return v\r\n      }\r\n      return `${v.includes('-') ? '-' : ''}$${noMinusOrDollar}`\r\n    }\r\n    return { invalid, returnString: withMinusAndDollar(value) }\r\n  }\r\n  handleChange = (ev: React.ChangeEvent<HTMLInputElement>) => {\r\n    ev.preventDefault()\r\n    const { value } = ev.currentTarget\r\n    const { invalid, returnString } = this.validateAndGetReturnString(value)\r\n    if (invalid) {\r\n      // Change this quickly so the animation restarts\r\n      this.setState({ invalid: false }, () => {\r\n        this.setState({ invalid: true })\r\n      })\r\n    } else {\r\n      this.setState({ inputValue: returnString, invalid: false })\r\n    }\r\n  }\r\n\r\n  handleBlur = () => {\r\n    this.setState(state => {\r\n      const noDollar = state.inputValue.replace('$', '')\r\n      const formatted = `$${parseFloat(noDollar).toFixed(2)}`\r\n      if (state.inputValue === '$') {\r\n        return { inputValue: '', invalid: true }\r\n      }\r\n      return { inputValue: formatted, invalid: false }\r\n    })\r\n  }\r\n\r\n  render() {\r\n    const { readOnly, className, ...rest } = this.props\r\n    const { inputValue, invalid } = this.state\r\n    return (\r\n      <StyledInput\r\n        {...rest}\r\n        value={inputValue}\r\n        onChange={this.handleChange}\r\n        className={`${className || ''} ${invalid ? 'invalid' : ''} `}\r\n        onBlur={this.handleBlur}\r\n        onClick={ev => !readOnly && ev.stopPropagation()}\r\n        readOnly={readOnly}\r\n      />\r\n    )\r\n  }\r\n}\r\nconst StyledInput = styled.input`\r\n  @keyframes invalid {\r\n    0% {\r\n      transform: translateX(0);\r\n    }\r\n    25% {\r\n      transform: translateX(2px);\r\n    }\r\n    50% {\r\n      transform: translateX(0);\r\n    }\r\n    75% {\r\n      transform: translateX(2px);\r\n    }\r\n    100% {\r\n      transform: translateX(0);\r\n    }\r\n  }\r\n  ${transition({ name: 'easeInCubic', prop: 'transform' })};\r\n  &.invalid {\r\n    border: 1px solid red;\r\n    outline: none;\r\n    animation-name: invalid;\r\n    animation-duration: 0.5s;\r\n  }\r\n`\r\n"]},"_coverageSchema":"332fd63041d2c1bcb487cc26dd0d5f7d97098a6c","hash":"1c6170e5f541be6f84452e6a8b3b875d4e93cc8e"}
,"C:\\Alex\\Web-Dev\\Git-Repositories\\wendte-budget\\client\\src\\components\\CategoryInputGroup.tsx": {"path":"C:\\Alex\\Web-Dev\\Git-Repositories\\wendte-budget\\client\\src\\components\\CategoryInputGroup.tsx","statementMap":{"0":{"start":{"line":3,"column":0},"end":{"line":3,"column":62}},"1":{"start":{"line":4,"column":12},"end":{"line":4,"column":28}},"2":{"start":{"line":5,"column":11},"end":{"line":5,"column":31}},"3":{"start":{"line":6,"column":25},"end":{"line":12,"column":1}},"4":{"start":{"line":7,"column":21},"end":{"line":7,"column":34}},"5":{"start":{"line":8,"column":4},"end":{"line":11,"column":121}},"6":{"start":{"line":11,"column":44},"end":{"line":11,"column":114}},"7":{"start":{"line":13,"column":0},"end":{"line":13,"column":37}}},"fnMap":{"0":{"name":"(anonymous_0)","decl":{"start":{"line":6,"column":25},"end":{"line":6,"column":26}},"loc":{"start":{"line":6,"column":39},"end":{"line":12,"column":1}},"line":6},"1":{"name":"(anonymous_1)","decl":{"start":{"line":11,"column":27},"end":{"line":11,"column":28}},"loc":{"start":{"line":11,"column":42},"end":{"line":11,"column":116}},"line":11}},"branchMap":{"0":{"loc":{"start":{"line":10,"column":92},"end":{"line":11,"column":117}},"type":"binary-expr","locations":[{"start":{"line":10,"column":92},"end":{"line":10,"column":102}},{"start":{"line":11,"column":12},"end":{"line":11,"column":117}}],"line":10}},"s":{"0":4,"1":4,"2":4,"3":4,"4":16,"5":16,"6":17,"7":4},"f":{"0":16,"1":17},"b":{"0":[16,16]},"inputSourceMap":{"version":3,"file":"CategoryInputGroup.js","sourceRoot":"","sources":["CategoryInputGroup.tsx"],"names":[],"mappings":";AAAA,QAAQ;;AAER,6BAA8B;AAC9B,gCAAsC;AAMtC,IAAM,kBAAkB,GAAG,UAAC,EAAsB;QAApB,0BAAU;IAAe,OAAA,CACrD,oBAAC,eAAU;QACT,+BAAO,OAAO,EAAC,UAAU,oBAAsB;QAC/C,gCAAQ,EAAE,EAAC,UAAU,EAAC,IAAI,EAAC,UAAU,EAAC,QAAQ,EAAE,IAAI,IACjD,UAAU;YACT,UAAU,CAAC,GAAG,CAAC,UAAA,GAAG,IAAI,OAAA,CACpB,gCAAQ,KAAK,EAAE,GAAG,EAAE,GAAG,EAAE,GAAG,IACzB,GAAG,CACG,CACV,EAJqB,CAIrB,CAAC,CACG,CACE,CACd;AAZsD,CAYtD,CAAA;AAED,kBAAe,kBAAkB,CAAA","sourcesContent":["// @flow\r\n\r\nimport * as React from 'react'\r\nimport { InputGroup } from 'styles/SC'\r\n\r\ninterface IProps {\r\n  categories?: string[]\r\n}\r\n\r\nconst CategoryInputGroup = ({ categories }: IProps) => (\r\n  <InputGroup>\r\n    <label htmlFor=\"category\">Item Category</label>\r\n    <select id=\"category\" name=\"category\" required={true}>\r\n      {categories &&\r\n        categories.map(cat => (\r\n          <option value={cat} key={cat}>\r\n            {cat}\r\n          </option>\r\n        ))}\r\n    </select>\r\n  </InputGroup>\r\n)\r\n\r\nexport default CategoryInputGroup\r\n"]},"_coverageSchema":"332fd63041d2c1bcb487cc26dd0d5f7d97098a6c","hash":"f8cbd7c399d2b7da5db255c4bf03b81cfeaac289"}
,"C:\\Alex\\Web-Dev\\Git-Repositories\\wendte-budget\\client\\src\\components\\Flash.tsx": {"path":"C:\\Alex\\Web-Dev\\Git-Repositories\\wendte-budget\\client\\src\\components\\Flash.tsx","statementMap":{"0":{"start":{"line":2,"column":0},"end":{"line":2,"column":62}},"1":{"start":{"line":3,"column":14},"end":{"line":3,"column":30}},"2":{"start":{"line":4,"column":12},"end":{"line":4,"column":28}},"3":{"start":{"line":5,"column":21},"end":{"line":5,"column":44}},"4":{"start":{"line":6,"column":26},"end":{"line":6,"column":54}},"5":{"start":{"line":7,"column":27},"end":{"line":38,"column":18}},"6":{"start":{"line":8,"column":4},"end":{"line":8,"column":37}},"7":{"start":{"line":10,"column":8},"end":{"line":10,"column":72}},"8":{"start":{"line":12,"column":4},"end":{"line":31,"column":6}},"9":{"start":{"line":13,"column":17},"end":{"line":13,"column":27}},"10":{"start":{"line":13,"column":34},"end":{"line":13,"column":51}},"11":{"start":{"line":13,"column":61},"end":{"line":13,"column":69}},"12":{"start":{"line":13,"column":83},"end":{"line":13,"column":95}},"13":{"start":{"line":13,"column":105},"end":{"line":13,"column":113}},"14":{"start":{"line":13,"column":130},"end":{"line":13,"column":145}},"15":{"start":{"line":14,"column":29},"end":{"line":14,"column":31}},"16":{"start":{"line":15,"column":8},"end":{"line":30,"column":27}},"17":{"start":{"line":18,"column":34},"end":{"line":18,"column":44}},"18":{"start":{"line":18,"column":55},"end":{"line":18,"column":64}},"19":{"start":{"line":19,"column":20},"end":{"line":20,"column":77}},"20":{"start":{"line":25,"column":34},"end":{"line":25,"column":44}},"21":{"start":{"line":25,"column":55},"end":{"line":25,"column":64}},"22":{"start":{"line":26,"column":20},"end":{"line":28,"column":85}},"23":{"start":{"line":32,"column":4},"end":{"line":36,"column":6}},"24":{"start":{"line":37,"column":4},"end":{"line":37,"column":17}},"25":{"start":{"line":39,"column":0},"end":{"line":39,"column":24}},"26":{"start":{"line":40,"column":14},"end":{"line":40,"column":301}},"27":{"start":{"line":41,"column":15},"end":{"line":41,"column":313}},"28":{"start":{"line":42,"column":12},"end":{"line":42,"column":557}},"29":{"start":{"line":42,"column":529},"end":{"line":42,"column":554}},"30":{"start":{"line":43,"column":22},"end":{"line":43,"column":268}},"31":{"start":{"line":43,"column":240},"end":{"line":43,"column":265}},"32":{"start":{"line":44,"column":20},"end":{"line":44,"column":788}},"33":{"start":{"line":44,"column":662},"end":{"line":44,"column":687}},"34":{"start":{"line":44,"column":710},"end":{"line":44,"column":737}},"35":{"start":{"line":44,"column":760},"end":{"line":44,"column":785}}},"fnMap":{"0":{"name":"(anonymous_0)","decl":{"start":{"line":7,"column":27},"end":{"line":7,"column":28}},"loc":{"start":{"line":7,"column":45},"end":{"line":38,"column":1}},"line":7},"1":{"name":"Flash","decl":{"start":{"line":9,"column":13},"end":{"line":9,"column":18}},"loc":{"start":{"line":9,"column":21},"end":{"line":11,"column":5}},"line":9},"2":{"name":"(anonymous_2)","decl":{"start":{"line":12,"column":29},"end":{"line":12,"column":30}},"loc":{"start":{"line":12,"column":41},"end":{"line":31,"column":5}},"line":12},"3":{"name":"(anonymous_3)","decl":{"start":{"line":17,"column":18},"end":{"line":17,"column":19}},"loc":{"start":{"line":17,"column":32},"end":{"line":21,"column":17}},"line":17},"4":{"name":"(anonymous_4)","decl":{"start":{"line":24,"column":18},"end":{"line":24,"column":19}},"loc":{"start":{"line":24,"column":32},"end":{"line":29,"column":17}},"line":24},"5":{"name":"(anonymous_5)","decl":{"start":{"line":42,"column":510},"end":{"line":42,"column":511}},"loc":{"start":{"line":42,"column":527},"end":{"line":42,"column":556}},"line":42},"6":{"name":"(anonymous_6)","decl":{"start":{"line":43,"column":221},"end":{"line":43,"column":222}},"loc":{"start":{"line":43,"column":238},"end":{"line":43,"column":267}},"line":43},"7":{"name":"(anonymous_7)","decl":{"start":{"line":44,"column":643},"end":{"line":44,"column":644}},"loc":{"start":{"line":44,"column":660},"end":{"line":44,"column":689}},"line":44},"8":{"name":"(anonymous_8)","decl":{"start":{"line":44,"column":691},"end":{"line":44,"column":692}},"loc":{"start":{"line":44,"column":708},"end":{"line":44,"column":739}},"line":44},"9":{"name":"(anonymous_9)","decl":{"start":{"line":44,"column":741},"end":{"line":44,"column":742}},"loc":{"start":{"line":44,"column":758},"end":{"line":44,"column":787}},"line":44}},"branchMap":{"0":{"loc":{"start":{"line":10,"column":15},"end":{"line":10,"column":71}},"type":"binary-expr","locations":[{"start":{"line":10,"column":15},"end":{"line":10,"column":30}},{"start":{"line":10,"column":34},"end":{"line":10,"column":63}},{"start":{"line":10,"column":67},"end":{"line":10,"column":71}}],"line":10},"1":{"loc":{"start":{"line":16,"column":169},"end":{"line":22,"column":23}},"type":"cond-expr","locations":[{"start":{"line":17,"column":18},"end":{"line":21,"column":17}},{"start":{"line":22,"column":18},"end":{"line":22,"column":23}}],"line":16},"2":{"loc":{"start":{"line":16,"column":169},"end":{"line":16,"column":217}},"type":"binary-expr","locations":[{"start":{"line":16,"column":169},"end":{"line":16,"column":178}},{"start":{"line":16,"column":182},"end":{"line":16,"column":188}},{"start":{"line":16,"column":192},"end":{"line":16,"column":217}}],"line":16},"3":{"loc":{"start":{"line":19,"column":111},"end":{"line":19,"column":131}},"type":"cond-expr","locations":[{"start":{"line":19,"column":119},"end":{"line":19,"column":126}},{"start":{"line":19,"column":129},"end":{"line":19,"column":131}}],"line":19},"4":{"loc":{"start":{"line":23,"column":169},"end":{"line":30,"column":23}},"type":"cond-expr","locations":[{"start":{"line":24,"column":18},"end":{"line":29,"column":17}},{"start":{"line":30,"column":18},"end":{"line":30,"column":23}}],"line":23},"5":{"loc":{"start":{"line":26,"column":107},"end":{"line":26,"column":127}},"type":"cond-expr","locations":[{"start":{"line":26,"column":115},"end":{"line":26,"column":122}},{"start":{"line":26,"column":125},"end":{"line":26,"column":127}}],"line":26},"6":{"loc":{"start":{"line":40,"column":45},"end":{"line":40,"column":300}},"type":"binary-expr","locations":[{"start":{"line":40,"column":45},"end":{"line":40,"column":61}},{"start":{"line":40,"column":66},"end":{"line":40,"column":299}}],"line":40},"7":{"loc":{"start":{"line":41,"column":47},"end":{"line":41,"column":312}},"type":"binary-expr","locations":[{"start":{"line":41,"column":47},"end":{"line":41,"column":63}},{"start":{"line":41,"column":68},"end":{"line":41,"column":311}}],"line":41},"8":{"loc":{"start":{"line":42,"column":47},"end":{"line":42,"column":508}},"type":"binary-expr","locations":[{"start":{"line":42,"column":47},"end":{"line":42,"column":63}},{"start":{"line":42,"column":68},"end":{"line":42,"column":507}}],"line":42},"9":{"loc":{"start":{"line":43,"column":60},"end":{"line":43,"column":219}},"type":"binary-expr","locations":[{"start":{"line":43,"column":60},"end":{"line":43,"column":76}},{"start":{"line":43,"column":81},"end":{"line":43,"column":218}}],"line":43},"10":{"loc":{"start":{"line":44,"column":58},"end":{"line":44,"column":641}},"type":"binary-expr","locations":[{"start":{"line":44,"column":58},"end":{"line":44,"column":74}},{"start":{"line":44,"column":79},"end":{"line":44,"column":640}}],"line":44}},"s":{"0":4,"1":4,"2":4,"3":4,"4":4,"5":4,"6":4,"7":42,"8":4,"9":64,"10":64,"11":64,"12":64,"13":64,"14":64,"15":64,"16":64,"17":7,"18":7,"19":7,"20":5,"21":5,"22":5,"23":4,"24":4,"25":4,"26":4,"27":4,"28":4,"29":10,"30":4,"31":14,"32":4,"33":10,"34":10,"35":10},"f":{"0":4,"1":42,"2":64,"3":7,"4":5,"5":10,"6":14,"7":10,"8":10,"9":10},"b":{"0":[42,42,42],"1":[2,62],"2":[64,2,2],"3":[0,7],"4":[1,63],"5":[0,5],"6":[4,4],"7":[4,4],"8":[4,4],"9":[4,4],"10":[4,4]},"inputSourceMap":{"version":3,"file":"Flash.js","sourceRoot":"","sources":["Flash.tsx"],"names":[],"mappings":";;;AAAA,6BAA8B;AAC9B,6CAAyC;AACzC,uDAAsC;AAUtC;IAAoB,iCAA2B;IAA/C;;IA8CA,CAAC;IAvCC,sBAAM,GAAN;QACQ,IAAA,eAA0E,EAAxE,sBAAkB,EAAE,gBAAK,EAAE,wBAAS,EAAE,gBAAK,EAAE,8BAA2B,CAAA;QAChF,IAAM,cAAc,GAAG,EAAY,CAAA;QACnC,OAAO,CACL;YACE,oBAAC,yBAAU,IACT,IAAI,EAAE,EAAE,OAAO,EAAE,CAAC,EAAE,MAAM,EAAE,CAAC,EAAE,EAC/B,KAAK,EAAE,EAAE,OAAO,EAAE,CAAC,EAAE,MAAM,EAAE,MAAM,EAAE,EACrC,KAAK,EAAE,EAAE,OAAO,EAAE,CAAC,EAAE,MAAM,EAAE,CAAC,EAAE,IAE/B,SAAS,IAAI,CAAC,KAAK,IAAI,cAAc,CAAC,MAAM,GAAG,CAAC;gBAC/C,CAAC,CAAC,UAAC,EAAmB;wBAAjB,oBAAO,EAAE,kBAAM;oBAAO,OAAA,CACvB,oBAAC,eAAe,mBACF,gBAAgB,EAC5B,SAAS,EAAE,KAAK,CAAC,CAAC,CAAC,OAAO,CAAC,CAAC,CAAC,EAAE,EAC/B,KAAK,EAAE,EAAE,OAAO,SAAA,EAAE,MAAM,QAAA,EAAE;wBAE1B,oBAAC,OAAO,QAAE,cAAc,CAAW,CACnB,CACnB;gBARwB,CAQxB;gBACH,CAAC,CAAC,KAAK,CACE;YACb,oBAAC,yBAAU,IACT,IAAI,EAAE,EAAE,OAAO,EAAE,CAAC,EAAE,MAAM,EAAE,CAAC,EAAE,EAC/B,KAAK,EAAE,EAAE,OAAO,EAAE,CAAC,EAAE,MAAM,EAAE,MAAM,EAAE,EACrC,KAAK,EAAE,EAAE,OAAO,EAAE,CAAC,EAAE,MAAM,EAAE,CAAC,EAAE,IAE/B,KAAK;gBACJ,CAAC,CAAC,UAAC,EAAmB;wBAAjB,oBAAO,EAAE,kBAAM;oBAAO,OAAA,CACvB,oBAAC,aAAa,mBAAa,cAAc,EAAC,SAAS,EAAE,KAAK,CAAC,CAAC,CAAC,OAAO,CAAC,CAAC,CAAC,EAAE,EAAE,KAAK,EAAE,EAAE,OAAO,SAAA,EAAE,MAAM,QAAA,EAAE;wBACnG,oBAAC,OAAO,IAAC,SAAS,EAAC,SAAS,IAAE,KAAK,CAAW;wBAC9C,oBAAC,KAAK,IAAC,OAAO,EAAE,YAAY,QAAW,CACzB,CACjB;gBALwB,CAKxB;gBACH,CAAC,CAAC,KAAK,CACE,CACZ,CACJ,CAAA;IACH,CAAC;IA5CM,kBAAY,GAAG;QACpB,KAAK,EAAE,SAAS;QAChB,KAAK,EAAE,KAAK;QACZ,cAAc,EAAE,EAAE;KACnB,CAAA;IAyCH,YAAC;CAAA,AA9CD,CAAoB,KAAK,CAAC,SAAS,GA8ClC;AAED,kBAAe,KAAK,CAAA;AAEpB,IAAM,OAAO,GAAG,2BAAM,CAAC,EAAE,oKAAA,yFAKxB,IAAA,CAAA;AAED,IAAM,QAAQ,GAAG,2BAAM,CAAC,GAAG,yKAAA,8FAO1B,IAAA,CAAA;AAED,IAAM,KAAK,GAAG,2BAAM,CAAC,MAAM,2QAAA,mDAGhB,EAA0B,2IASpC,KATU,UAAA,KAAK,IAAI,OAAA,KAAK,CAAC,KAAK,CAAC,KAAK,EAAjB,CAAiB,CASpC,CAAA;AAED,IAAM,eAAe,GAAG,2BAAM,CAAC,QAAQ,CAAC,oHAAA,kCAExB,EAA0B,KACzC,KADe,UAAA,KAAK,IAAI,OAAA,KAAK,CAAC,KAAK,CAAC,KAAK,EAAjB,CAAiB,CACzC,CAAA;AACD,IAAM,aAAa,GAAG,2BAAM,CAAC,QAAQ,CAAC,wUAAA,0DAGtB,EAA0B,2HAMpB,EAA4B,8BAErC,EAA0B,oCAGtC,KAXe,UAAA,KAAK,IAAI,OAAA,KAAK,CAAC,KAAK,CAAC,KAAK,EAAjB,CAAiB,EAMpB,UAAA,KAAK,IAAI,OAAA,KAAK,CAAC,KAAK,CAAC,OAAO,EAAnB,CAAmB,EAErC,UAAA,KAAK,IAAI,OAAA,KAAK,CAAC,KAAK,CAAC,KAAK,EAAjB,CAAiB,CAGtC,CAAA","sourcesContent":["import * as React from 'react'\r\nimport { Transition } from 'react-spring'\r\nimport styled from 'styled-components'\r\n\r\ninterface IProps {\r\n  error?: string\r\n  fixed?: boolean\r\n  submitted: boolean\r\n  successMessage?: string\r\n  closeClicked: () => void\r\n}\r\n\r\nclass Flash extends React.Component<IProps, {}> {\r\n  static defaultProps = {\r\n    error: undefined,\r\n    fixed: false,\r\n    successMessage: '',\r\n  }\r\n\r\n  render() {\r\n    const { successMessage: sm, error, submitted, fixed, closeClicked } = this.props\r\n    const successMessage = sm as string\r\n    return (\r\n      <>\r\n        <Transition\r\n          from={{ opacity: 0, height: 0 }}\r\n          enter={{ opacity: 1, height: 'auto' }}\r\n          leave={{ opacity: 0, height: 0 }}\r\n        >\r\n          {submitted && !error && successMessage.length > 0\r\n            ? ({ opacity, height }) => (\r\n                <ResponseSuccess\r\n                  data-testid=\"create-success\"\r\n                  className={fixed ? 'fixed' : ''}\r\n                  style={{ opacity, height }}\r\n                >\r\n                  <Message>{successMessage}</Message>\r\n                </ResponseSuccess>\r\n              )\r\n            : false}\r\n        </Transition>\r\n        <Transition\r\n          from={{ opacity: 0, height: 0 }}\r\n          enter={{ opacity: 1, height: 'auto' }}\r\n          leave={{ opacity: 0, height: 0 }}\r\n        >\r\n          {error\r\n            ? ({ opacity, height }) => (\r\n                <ResponseError data-testid=\"create-error\" className={fixed ? 'fixed' : ''} style={{ opacity, height }}>\r\n                  <Message className=\"message\">{error}</Message>\r\n                  <Close onClick={closeClicked}>X</Close>\r\n                </ResponseError>\r\n              )\r\n            : false}\r\n        </Transition>\r\n      </>\r\n    )\r\n  }\r\n}\r\n\r\nexport default Flash\r\n\r\nconst Message = styled.h3`\r\n  color: white;\r\n  font-size: 1.8rem;\r\n  position: relative;\r\n  text-align: center;\r\n`\r\n\r\nconst Response = styled.div`\r\n  position: fixed;\r\n  padding: 2rem;\r\n  top: 0;\r\n  right: 0;\r\n  left: 0;\r\n  z-index: 10;\r\n`\r\n\r\nconst Close = styled.button`\r\n  background: none;\r\n  border: none;\r\n  color: ${props => props.theme.black};\r\n  font-size: 1.6rem;\r\n  font-weight: 900;\r\n  position: absolute;\r\n  top: 5px;\r\n  right: 7px;\r\n  &:hover {\r\n    cursor: pointer;\r\n  }\r\n`\r\n\r\nconst ResponseSuccess = styled(Response)`\r\n  width: 100%;\r\n  background: ${props => props.theme.green};\r\n`\r\nconst ResponseError = styled(Response)`\r\n  max-width: 80rem;\r\n  margin: 0 auto;\r\n  background: ${props => props.theme.white};\r\n  max-width: 60rem;\r\n  left: unset;\r\n  right: unset;\r\n  margin-top: 2rem;\r\n  border-radius: 5px;\r\n  border: 5px solid ${props => props.theme.warning};\r\n  .message {\r\n    color: ${props => props.theme.black};\r\n    padding-right: 2rem;\r\n  }\r\n`\r\n"]},"_coverageSchema":"332fd63041d2c1bcb487cc26dd0d5f7d97098a6c","hash":"03b249555ee9a5fc4f1096b7ddcd4e8ccf77d78c"}
,"C:\\Alex\\Web-Dev\\Git-Repositories\\wendte-budget\\client\\src\\components\\Icon.tsx": {"path":"C:\\Alex\\Web-Dev\\Git-Repositories\\wendte-budget\\client\\src\\components\\Icon.tsx","statementMap":{"0":{"start":{"line":2,"column":0},"end":{"line":2,"column":62}},"1":{"start":{"line":3,"column":14},"end":{"line":3,"column":30}},"2":{"start":{"line":4,"column":12},"end":{"line":4,"column":28}},"3":{"start":{"line":5,"column":11},"end":{"line":16,"column":1}},"4":{"start":{"line":6,"column":15},"end":{"line":6,"column":22}},"5":{"start":{"line":6,"column":32},"end":{"line":6,"column":40}},"6":{"start":{"line":6,"column":51},"end":{"line":6,"column":60}},"7":{"start":{"line":6,"column":69},"end":{"line":6,"column":116}},"8":{"start":{"line":7,"column":4},"end":{"line":15,"column":5}},"9":{"start":{"line":9,"column":12},"end":{"line":12,"column":1104}},"10":{"start":{"line":14,"column":12},"end":{"line":14,"column":24}},"11":{"start":{"line":17,"column":0},"end":{"line":17,"column":23}}},"fnMap":{"0":{"name":"(anonymous_0)","decl":{"start":{"line":5,"column":11},"end":{"line":5,"column":12}},"loc":{"start":{"line":5,"column":25},"end":{"line":16,"column":1}},"line":5}},"branchMap":{"0":{"loc":{"start":{"line":7,"column":4},"end":{"line":15,"column":5}},"type":"switch","locations":[{"start":{"line":8,"column":8},"end":{"line":12,"column":1104}},{"start":{"line":13,"column":8},"end":{"line":14,"column":24}}],"line":7}},"s":{"0":3,"1":3,"2":3,"3":3,"4":10,"5":10,"6":10,"7":10,"8":10,"9":10,"10":0,"11":3},"f":{"0":10},"b":{"0":[10,0]},"inputSourceMap":{"version":3,"file":"Icon.js","sourceRoot":"","sources":["Icon.tsx"],"names":[],"mappings":";;;AAAA,6BAA8B;AAS9B,IAAM,IAAI,GAAG,UAAC,EAAwC;IAAtC,IAAA,cAAI,EAAE,gBAAK,EAAE,kBAAM,EAAE,sDAAO;IAC1C,QAAQ,IAAI,EAAE;QACZ,KAAK,QAAQ;YACX,OAAO,CACL,8CACE,IAAI,EAAC,QAAQ,EACb,QAAQ,EAAE,CAAC,qBACK,mBAAmB,EACnC,CAAC,EAAC,KAAK,EACP,CAAC,EAAC,KAAK,EACP,OAAO,EAAC,qBAAqB,EAC7B,KAAK,EAAE,EAAE,MAAM,EAAK,MAAM,QAAK,EAAE,IAC7B,IAAI;gBAER,+BAAO,EAAE,EAAC,mBAAmB,aAAe;gBAC5C;oBACE,8BACE,KAAK,EAAE,EAAE,QAAQ,EAAE,SAAS,EAAE,QAAQ,EAAE,SAAS,EAAE,IAAI,EAAE,KAAG,KAAO,EAAE,EACrE,CAAC,EAAC,68BAA68B,GAC/8B,CACA,CACA,CACP,CAAA;QAEH;YACE,OAAO,IAAI,CAAA;KACd;AACH,CAAC,CAAA;AAED,kBAAe,IAAI,CAAA","sourcesContent":["import * as React from 'react'\r\n\r\ninterface IProps {\r\n  name: string\r\n  color?: string\r\n  height?: number\r\n  [x: string]: any\r\n}\r\n\r\nconst Icon = ({ name, color, height, ...rest }: IProps) => {\r\n  switch (name) {\r\n    case 'delete':\r\n      return (\r\n        <svg\r\n          role=\"button\"\r\n          tabIndex={0}\r\n          aria-labelledby=\"delete-icon-title\"\r\n          x=\"0px\"\r\n          y=\"0px\"\r\n          viewBox=\"0 0 268.476 268.476\"\r\n          style={{ height: `${height}rem` }}\r\n          {...rest}\r\n        >\r\n          <title id=\"delete-icon-title\">Delete</title>\r\n          <g>\r\n            <path\r\n              style={{ fillRule: 'evenodd', clipRule: 'evenodd', fill: `${color}` }}\r\n              d=\"M63.119,250.254c0,0,3.999,18.222,24.583,18.222h93.072c20.583,0,24.582-18.222,24.582-18.222l18.374-178.66H44.746L63.119,250.254z M170.035,98.442c0-4.943,4.006-8.949,8.949-8.949c4.943,0,8.95,4.006,8.95,8.949l-8.95,134.238c0,4.943-4.007,8.949-8.949,8.949c-4.942,0-8.949-4.007-8.949-8.949L170.035,98.442zM125.289,98.442c0-4.943,4.007-8.949,8.949-8.949c4.943,0,8.949,4.006,8.949,8.949v134.238c0,4.943-4.006,8.949-8.949,8.949c-4.943,0-8.949-4.007-8.949-8.949V98.442z M89.492,89.492c4.943,0,8.949,4.006,8.949,8.949l8.95,134.238c0,4.943-4.007,8.949-8.95,8.949c-4.942,0-8.949-4.007-8.949-8.949L80.543,98.442C80.543,93.499,84.55,89.492,89.492,89.492zM218.36,35.811h-39.376V17.899C178.984,4.322,174.593,0,161.086,0L107.39,0C95.001,0,89.492,6.001,89.492,17.899v17.913H50.116c-7.914,0-14.319,6.007-14.319,13.43c0,7.424,6.405,13.431,14.319,13.431H218.36c7.914,0,14.319-6.007,14.319-13.431C232.679,41.819,226.274,35.811,218.36,35.811z M161.086,35.811h-53.695l0.001-17.913h53.695V35.811z\"\r\n            />\r\n          </g>\r\n        </svg>\r\n      )\r\n\r\n    default:\r\n      return null\r\n  }\r\n}\r\n\r\nexport default Icon\r\n"]},"_coverageSchema":"332fd63041d2c1bcb487cc26dd0d5f7d97098a6c","hash":"d849514a20cbade30426268ddb12f40bf5fe0672"}
,"C:\\Alex\\Web-Dev\\Git-Repositories\\wendte-budget\\client\\src\\components\\Input.tsx": {"path":"C:\\Alex\\Web-Dev\\Git-Repositories\\wendte-budget\\client\\src\\components\\Input.tsx","statementMap":{"0":{"start":{"line":2,"column":0},"end":{"line":2,"column":62}},"1":{"start":{"line":3,"column":14},"end":{"line":3,"column":30}},"2":{"start":{"line":4,"column":12},"end":{"line":4,"column":28}},"3":{"start":{"line":5,"column":27},"end":{"line":28,"column":18}},"4":{"start":{"line":6,"column":4},"end":{"line":6,"column":37}},"5":{"start":{"line":8,"column":20},"end":{"line":8,"column":76}},"6":{"start":{"line":9,"column":8},"end":{"line":11,"column":10}},"7":{"start":{"line":12,"column":8},"end":{"line":15,"column":10}},"8":{"start":{"line":13,"column":24},"end":{"line":13,"column":46}},"9":{"start":{"line":14,"column":12},"end":{"line":14,"column":45}},"10":{"start":{"line":16,"column":8},"end":{"line":16,"column":21}},"11":{"start":{"line":18,"column":4},"end":{"line":22,"column":6}},"12":{"start":{"line":19,"column":17},"end":{"line":19,"column":27}},"13":{"start":{"line":19,"column":40},"end":{"line":19,"column":51}},"14":{"start":{"line":19,"column":60},"end":{"line":19,"column":92}},"15":{"start":{"line":20,"column":20},"end":{"line":20,"column":36}},"16":{"start":{"line":21,"column":8},"end":{"line":21,"column":211}},"17":{"start":{"line":21,"column":142},"end":{"line":21,"column":183}},"18":{"start":{"line":23,"column":4},"end":{"line":26,"column":6}},"19":{"start":{"line":27,"column":4},"end":{"line":27,"column":17}},"20":{"start":{"line":29,"column":0},"end":{"line":29,"column":24}}},"fnMap":{"0":{"name":"(anonymous_0)","decl":{"start":{"line":5,"column":27},"end":{"line":5,"column":28}},"loc":{"start":{"line":5,"column":45},"end":{"line":28,"column":1}},"line":5},"1":{"name":"Input","decl":{"start":{"line":7,"column":13},"end":{"line":7,"column":18}},"loc":{"start":{"line":7,"column":21},"end":{"line":17,"column":5}},"line":7},"2":{"name":"(anonymous_2)","decl":{"start":{"line":12,"column":29},"end":{"line":12,"column":30}},"loc":{"start":{"line":12,"column":43},"end":{"line":15,"column":9}},"line":12},"3":{"name":"(anonymous_3)","decl":{"start":{"line":18,"column":29},"end":{"line":18,"column":30}},"loc":{"start":{"line":18,"column":41},"end":{"line":22,"column":5}},"line":18},"4":{"name":"(anonymous_4)","decl":{"start":{"line":21,"column":126},"end":{"line":21,"column":127}},"loc":{"start":{"line":21,"column":140},"end":{"line":21,"column":185}},"line":21}},"branchMap":{"0":{"loc":{"start":{"line":8,"column":20},"end":{"line":8,"column":76}},"type":"binary-expr","locations":[{"start":{"line":8,"column":20},"end":{"line":8,"column":35}},{"start":{"line":8,"column":39},"end":{"line":8,"column":68}},{"start":{"line":8,"column":72},"end":{"line":8,"column":76}}],"line":8},"1":{"loc":{"start":{"line":10,"column":19},"end":{"line":10,"column":42}},"type":"binary-expr","locations":[{"start":{"line":10,"column":19},"end":{"line":10,"column":36}},{"start":{"line":10,"column":40},"end":{"line":10,"column":42}}],"line":10},"2":{"loc":{"start":{"line":21,"column":149},"end":{"line":21,"column":182}},"type":"binary-expr","locations":[{"start":{"line":21,"column":149},"end":{"line":21,"column":158}},{"start":{"line":21,"column":162},"end":{"line":21,"column":182}}],"line":21}},"s":{"0":4,"1":4,"2":4,"3":4,"4":4,"5":89,"6":89,"7":89,"8":2,"9":2,"10":89,"11":4,"12":136,"13":136,"14":136,"15":136,"16":136,"17":0,"18":4,"19":4,"20":4},"f":{"0":4,"1":89,"2":2,"3":136,"4":0},"b":{"0":[89,89,89],"1":[89,9],"2":[0,0]},"inputSourceMap":{"version":3,"file":"Input.js","sourceRoot":"","sources":["Input.tsx"],"names":[],"mappings":";;;AAAA,6BAA8B;AAa9B;IAAmC,iCAA+B;IAAlE;QAAA,qEA4BC;QAtBC,WAAK,GAAG;YACN,KAAK,EAAE,KAAI,CAAC,KAAK,CAAC,KAAK,IAAI,EAAE;SAC9B,CAAA;QAED,kBAAY,GAAG,UAAC,EAAuC;YAC7C,IAAA,8BAAK,CAAqB;YAClC,KAAI,CAAC,QAAQ,CAAC,EAAE,KAAK,OAAA,EAAE,CAAC,CAAA;QAC1B,CAAC,CAAA;;IAeH,CAAC;IAbC,sBAAM,GAAN;QACE,IAAM,eAAkC,EAAhC,sBAAQ,EAAE,uCAAsB,CAAA;QAChC,IAAA,wBAAK,CAAe;QAC5B,OAAO,CACL,kDACM,IAAI,IACR,QAAQ,EAAE,IAAI,CAAC,YAAY,EAC3B,KAAK,EAAE,KAAK,EACZ,OAAO,EAAE,UAAA,EAAE,IAAI,OAAA,CAAC,QAAQ,IAAI,EAAE,CAAC,eAAe,EAAE,EAAjC,CAAiC,EAChD,QAAQ,EAAE,QAAQ,IAClB,CACH,CAAA;IACH,CAAC;IA1BM,kBAAY,GAAG;QACpB,QAAQ,EAAE,KAAK;QACf,KAAK,EAAE,SAAS;KACjB,CAAA;IAwBH,YAAC;CAAA,AA5BD,CAAmC,KAAK,CAAC,SAAS,GA4BjD;kBA5BoB,KAAK","sourcesContent":["import * as React from 'react'\r\n\r\ninterface IProps {\r\n  value?: string\r\n  readOnly?: boolean\r\n  type?: string\r\n  'aria-label'?: string\r\n}\r\n\r\ninterface IState {\r\n  value: string\r\n}\r\n\r\nexport default class Input extends React.Component<IProps, IState> {\r\n  static defaultProps = {\r\n    readOnly: false,\r\n    value: undefined,\r\n  }\r\n\r\n  state = {\r\n    value: this.props.value || '',\r\n  }\r\n\r\n  handleChange = (ev: React.ChangeEvent<HTMLInputElement>) => {\r\n    const { value } = ev.currentTarget\r\n    this.setState({ value })\r\n  }\r\n\r\n  render() {\r\n    const { readOnly, ...rest } = this.props\r\n    const { value } = this.state\r\n    return (\r\n      <input\r\n        {...rest}\r\n        onChange={this.handleChange}\r\n        value={value}\r\n        onClick={ev => !readOnly && ev.stopPropagation()}\r\n        readOnly={readOnly}\r\n      />\r\n    )\r\n  }\r\n}\r\n"]},"_coverageSchema":"332fd63041d2c1bcb487cc26dd0d5f7d97098a6c","hash":"aa0b92ad2f03dee59cd1534622022b277f787ae7"}
[...]
onymous_19)","decl":{"start":{"line":58,"column":9},"end":{"line":58,"column":10}},"loc":{"start":{"line":58,"column":23},"end":{"line":60,"column":5}},"line":58},"20":{"name":"(anonymous_20)","decl":{"start":{"line":61,"column":12},"end":{"line":61,"column":13}},"loc":{"start":{"line":61,"column":35},"end":{"line":63,"column":5}},"line":61},"21":{"name":"(anonymous_21)","decl":{"start":{"line":67,"column":12},"end":{"line":67,"column":13}},"loc":{"start":{"line":67,"column":28},"end":{"line":67,"column":72}},"line":67},"22":{"name":"(anonymous_22)","decl":{"start":{"line":68,"column":12},"end":{"line":68,"column":13}},"loc":{"start":{"line":68,"column":26},"end":{"line":68,"column":72}},"line":68},"23":{"name":"(anonymous_23)","decl":{"start":{"line":69,"column":9},"end":{"line":69,"column":10}},"loc":{"start":{"line":69,"column":23},"end":{"line":69,"column":87}},"line":69},"24":{"name":"(anonymous_24)","decl":{"start":{"line":70,"column":12},"end":{"line":70,"column":13}},"loc":{"start":{"line":70,"column":35},"end":{"line":70,"column":87}},"line":70},"25":{"name":"logout","decl":{"start":{"line":72,"column":9},"end":{"line":72,"column":15}},"loc":{"start":{"line":72,"column":18},"end":{"line":75,"column":1}},"line":72},"26":{"name":"login","decl":{"start":{"line":76,"column":9},"end":{"line":76,"column":14}},"loc":{"start":{"line":76,"column":19},"end":{"line":80,"column":1}},"line":76},"27":{"name":"init","decl":{"start":{"line":81,"column":9},"end":{"line":81,"column":13}},"loc":{"start":{"line":81,"column":18},"end":{"line":85,"column":1}},"line":81}},"branchMap":{"0":{"loc":{"start":{"line":27,"column":8},"end":{"line":29,"column":9}},"type":"if","locations":[{"start":{"line":27,"column":8},"end":{"line":29,"column":9}},{"start":{"line":27,"column":8},"end":{"line":29,"column":9}}],"line":27},"1":{"loc":{"start":{"line":34,"column":12},"end":{"line":36,"column":13}},"type":"if","locations":[{"start":{"line":34,"column":12},"end":{"line":36,"column":13}},{"start":{"line":34,"column":12},"end":{"line":36,"column":13}}],"line":34},"2":{"loc":{"start":{"line":50,"column":44},"end":{"line":50,"column":74}},"type":"cond-expr","locations":[{"start":{"line":50,"column":49},"end":{"line":50,"column":63}},{"start":{"line":50,"column":66},"end":{"line":50,"column":74}}],"line":50},"3":{"loc":{"start":{"line":59,"column":28},"end":{"line":59,"column":72}},"type":"cond-expr","locations":[{"start":{"line":59,"column":33},"end":{"line":59,"column":54}},{"start":{"line":59,"column":57},"end":{"line":59,"column":72}}],"line":59},"4":{"loc":{"start":{"line":69,"column":44},"end":{"line":69,"column":84}},"type":"cond-expr","locations":[{"start":{"line":69,"column":49},"end":{"line":69,"column":68}},{"start":{"line":69,"column":71},"end":{"line":69,"column":84}}],"line":69},"5":{"loc":{"start":{"line":82,"column":13},"end":{"line":82,"column":36}},"type":"cond-expr","locations":[{"start":{"line":82,"column":29},"end":{"line":82,"column":31}},{"start":{"line":82,"column":34},"end":{"line":82,"column":36}}],"line":82},"6":{"loc":{"start":{"line":82,"column":59},"end":{"line":82,"column":116}},"type":"cond-expr","locations":[{"start":{"line":82,"column":75},"end":{"line":82,"column":111}},{"start":{"line":82,"column":114},"end":{"line":82,"column":116}}],"line":82},"7":{"loc":{"start":{"line":82,"column":143},"end":{"line":82,"column":205}},"type":"cond-expr","locations":[{"start":{"line":82,"column":159},"end":{"line":82,"column":200}},{"start":{"line":82,"column":203},"end":{"line":82,"column":205}}],"line":82},"8":{"loc":{"start":{"line":82,"column":159},"end":{"line":82,"column":200}},"type":"binary-expr","locations":[{"start":{"line":82,"column":159},"end":{"line":82,"column":162}},{"start":{"line":82,"column":166},"end":{"line":82,"column":186}},{"start":{"line":82,"column":190},"end":{"line":82,"column":200}}],"line":82},"9":{"loc":{"start":{"line":82,"column":242},"end":{"line":82,"column":278}},"type":"cond-expr","locations":[{"start":{"line":82,"column":258},"end":{"line":82,"column":273}},{"start":{"line":82,"column":276},"end":{"line":82,"column":278}}],"line":82},"10":{"loc":{"start":{"line":84,"column":121},"end":{"line":84,"column":158}},"type":"cond-expr","locations":[{"start":{"line":84,"column":129},"end":{"line":84,"column":146}},{"start":{"line":84,"column":149},"end":{"line":84,"column":158}}],"line":84}},"s":{"0":0,"1":0,"2":0,"3":0,"4":0,"5":0,"6":0,"7":0,"8":0,"9":0,"10":0,"11":0,"12":0,"13":0,"14":0,"15":0,"16":0,"17":0,"18":0,"19":0,"20":0,"21":0,"22":0,"23":0,"24":0,"25":0,"26":0,"27":0,"28":0,"29":0,"30":0,"31":0,"32":0,"33":0,"34":0,"35":0,"36":0,"37":0,"38":0,"39":0,"40":0,"41":0,"42":0,"43":0,"44":0,"45":0,"46":0,"47":0,"48":0,"49":0,"50":0,"51":0,"52":0,"53":0,"54":0,"55":0,"56":0,"57":0,"58":0,"59":0},"f":{"0":0,"1":0,"2":0,"3":0,"4":0,"5":0,"6":0,"7":0,"8":0,"9":0,"10":0,"11":0,"12":0,"13":0,"14":0,"15":0,"16":0,"17":0,"18":0,"19":0,"20":0,"21":0,"22":0,"23":0,"24":0,"25":0,"26":0,"27":0},"b":{"0":[0,0],"1":[0,0],"2":[0,0],"3":[0,0],"4":[0,0],"5":[0,0],"6":[0,0],"7":[0,0],"8":[0,0,0],"9":[0,0],"10":[0,0]}}
,"C:\\Alex\\Web-Dev\\Git-Repositories\\wendte-budget\\client\\src\\utils\\colors.ts": {"path":"C:\\Alex\\Web-Dev\\Git-Repositories\\wendte-budget\\client\\src\\utils\\colors.ts","statementMap":{"0":{"start":{"line":1,"column":13},"end":{"line":1,"column":1263}},"1":{"start":{"line":1,"column":1263},"end":{"line":1,"column":1276}},"2":{"start":{"line":2,"column":0},"end":{"line":2,"column":62}},"3":{"start":{"line":3,"column":0},"end":{"line":10,"column":23}},"4":{"start":{"line":12,"column":0},"end":{"line":12,"column":33}}},"fnMap":{},"branchMap":{},"s":{"0":0,"1":0,"2":0,"3":0,"4":0},"f":{},"b":{}}
,"C:\\Alex\\Web-Dev\\Git-Repositories\\wendte-budget\\client\\src\\utils\\fakeData.ts": {"path":"C:\\Alex\\Web-Dev\\Git-Repositories\\wendte-budget\\client\\src\\utils\\fakeData.ts","statementMap":{"0":{"start":{"line":2,"column":0},"end":{"line":2,"column":62}},"1":{"start":{"line":3,"column":19},"end":{"line":37,"column":1}},"2":{"start":{"line":38,"column":0},"end":{"line":38,"column":36}},"3":{"start":{"line":39,"column":22},"end":{"line":42,"column":1}},"4":{"start":{"line":40,"column":14},"end":{"line":40,"column":43}},"5":{"start":{"line":41,"column":4},"end":{"line":41,"column":61}},"6":{"start":{"line":43,"column":0},"end":{"line":43,"column":42}}},"fnMap":{"0":{"name":"(anonymous_0)","decl":{"start":{"line":39,"column":22},"end":{"line":39,"column":23}},"loc":{"start":{"line":39,"column":36},"end":{"line":42,"column":1}},"line":39}},"branchMap":{"0":{"loc":{"start":{"line":40,"column":15},"end":{"line":40,"column":38}},"type":"cond-expr","locations":[{"start":{"line":40,"column":31},"end":{"line":40,"column":33}},{"start":{"line":40,"column":36},"end":{"line":40,"column":38}}],"line":40},"1":{"loc":{"start":{"line":41,"column":12},"end":{"line":41,"column":59}},"type":"cond-expr","locations":[{"start":{"line":41,"column":18},"end":{"line":41,"column":44}},{"start":{"line":41,"column":47},"end":{"line":41,"column":59}}],"line":41}},"s":{"0":1,"1":1,"2":1,"3":1,"4":0,"5":0,"6":1},"f":{"0":0},"b":{"0":[0,0],"1":[0,0]},"inputSourceMap":{"version":3,"file":"fakeData.js","sourceRoot":"","sources":["fakeData.ts"],"names":[],"mappings":";;AACA,IAAM,YAAY,GAAmB;IACnC;QACE,GAAG,EAAE,iBAAiB;QACtB,MAAM,EAAE,GAAG;QACX,QAAQ,EAAE,WAAW;QACrB,IAAI,EAAE,0BAA0B;QAChC,KAAK,EAAE,SAAS;QAChB,IAAI,EAAE,SAAS;KAChB;IACD;QACE,GAAG,EAAE,qBAAqB;QAC1B,MAAM,EAAE,EAAE;QACV,QAAQ,EAAE,iBAAiB;QAC3B,IAAI,EAAE,0BAA0B;QAChC,KAAK,EAAE,eAAe;QACtB,IAAI,EAAE,QAAQ;KACf;IACD;QACE,GAAG,EAAE,qBAAqB;QAC1B,MAAM,EAAE,EAAE;QACV,QAAQ,EAAE,YAAY;QACtB,IAAI,EAAE,0BAA0B;QAChC,KAAK,EAAE,cAAc;QACrB,IAAI,EAAE,SAAS;KAChB;IACD;QACE,GAAG,EAAE,sBAAsB;QAC3B,MAAM,EAAE,EAAE;QACV,QAAQ,EAAE,eAAe;QACzB,IAAI,EAAE,0BAA0B;QAChC,KAAK,EAAE,+FAA+F;QACtG,KAAK,EAAE,YAAY;QACnB,IAAI,EAAE,QAAQ;KACf;CACF,CAAA;AAIQ,oCAAY;AAFrB,IAAM,eAAe,GAAG,UAAC,EAA8B;QAA5B,mCAAG;IAA8B,OAAA,CAAC,GAAG,CAAC,CAAC,CAAC,YAAY,CAAC,KAAK,CAAC,CAAC,EAAE,GAAG,CAAC,CAAC,CAAC,CAAC,YAAY,CAAC;AAAjD,CAAiD,CAAA;AAEtF,0CAAe","sourcesContent":["import { ITransaction } from './types'\r\nconst transactions: ITransaction[] = [\r\n  {\r\n    _id: 'ljaaoi3joijoiji',\r\n    amount: 100,\r\n    category: 'Groceries',\r\n    date: '2018-09-01T00:00:00.000Z',\r\n    title: 'Dillons',\r\n    type: 'expense',\r\n  },\r\n  {\r\n    _id: 'ljoi3jesfeaaoijoiji',\r\n    amount: 20,\r\n    category: 'Web Development',\r\n    date: '2018-08-11T00:00:00.000Z',\r\n    title: 'Level Up Tuts',\r\n    type: 'income',\r\n  },\r\n  {\r\n    _id: 'ljoi3joaaijoijiefse',\r\n    amount: 45,\r\n    category: 'Eating Out',\r\n    date: '2018-03-14T00:00:00.000Z',\r\n    title: 'Olive Garden',\r\n    type: 'expense',\r\n  },\r\n  {\r\n    _id: 'ljoi3joisefesfejoiji',\r\n    amount: 30,\r\n    category: 'Entertainment',\r\n    date: '2018-09-19T00:00:00.000Z',\r\n    notes: 'We really wanted to see this movie so we were willing to pay for the ridiculous matinee price',\r\n    title: 'Peppermint',\r\n    type: 'income',\r\n  },\r\n]\r\n\r\nconst getTransactions = ({ num }: { num?: number } = {}) => (num ? transactions.slice(0, num) : transactions)\r\n\r\nexport { transactions, getTransactions }\r\n"]},"_coverageSchema":"332fd63041d2c1bcb487cc26dd0d5f7d97098a6c","hash":"5dde8aaeeb0fcda871f062d5741d31d6a9bdc311"}
,"C:\\Alex\\Web-Dev\\Git-Repositories\\wendte-budget\\client\\src\\utils\\mixins.ts": {"path":"C:\\Alex\\Web-Dev\\Git-Repositories\\wendte-budget\\client\\src\\utils\\mixins.ts","statementMap":{"0":{"start":{"line":2,"column":0},"end":{"line":2,"column":62}},"1":{"start":{"line":4,"column":15},"end":{"line":4,"column":22}},"2":{"start":{"line":4,"column":29},"end":{"line":4,"column":36}},"3":{"start":{"line":4,"column":45},"end":{"line":4,"column":69}},"4":{"start":{"line":4,"column":76},"end":{"line":4,"column":83}},"5":{"start":{"line":4,"column":92},"end":{"line":4,"column":118}},"6":{"start":{"line":5,"column":4},"end":{"line":16,"column":5}},"7":{"start":{"line":7,"column":12},"end":{"line":7,"column":92}},"8":{"start":{"line":9,"column":12},"end":{"line":9,"column":94}},"9":{"start":{"line":11,"column":12},"end":{"line":11,"column":95}},"10":{"start":{"line":13,"column":12},"end":{"line":13,"column":93}},"11":{"start":{"line":15,"column":12},"end":{"line":15,"column":22}},"12":{"start":{"line":18,"column":0},"end":{"line":18,"column":32}},"13":{"start":{"line":20,"column":16},"end":{"line":20,"column":24}},"14":{"start":{"line":21,"column":4},"end":{"line":36,"column":5}},"15":{"start":{"line":23,"column":12},"end":{"line":23,"column":72}},"16":{"start":{"line":25,"column":12},"end":{"line":25,"column":92}},"17":{"start":{"line":27,"column":12},"end":{"line":27,"column":95}},"18":{"start":{"line":29,"column":12},"end":{"line":29,"column":97}},"19":{"start":{"line":31,"column":12},"end":{"line":31,"column":97}},"20":{"start":{"line":33,"column":12},"end":{"line":33,"column":95}},"21":{"start":{"line":35,"column":12},"end":{"line":35,"column":22}},"22":{"start":{"line":38,"column":0},"end":{"line":38,"column":30}},"23":{"start":{"line":39,"column":12},"end":{"line":44,"column":1}},"24":{"start":{"line":52,"column":0},"end":{"line":61,"column":7}},"25":{"start":{"line":53,"column":4},"end":{"line":59,"column":6}},"26":{"start":{"line":54,"column":19},"end":{"line":54,"column":21}},"27":{"start":{"line":55,"column":8},"end":{"line":57,"column":9}},"28":{"start":{"line":56,"column":12},"end":{"line":56,"column":37}},"29":{"start":{"line":58,"column":8},"end":{"line":58,"column":89}},"30":{"start":{"line":60,"column":4},"end":{"line":60,"column":15}}},"fnMap":{"0":{"name":"transition","decl":{"start":{"line":3,"column":9},"end":{"line":3,"column":19}},"loc":{"start":{"line":3,"column":24},"end":{"line":17,"column":1}},"line":3},"1":{"name":"elevation","decl":{"start":{"line":19,"column":9},"end":{"line":19,"column":18}},"loc":{"start":{"line":19,"column":23},"end":{"line":37,"column":1}},"line":19},"2":{"name":"(anonymous_2)","decl":{"start":{"line":52,"column":42},"end":{"line":52,"column":43}},"loc":{"start":{"line":52,"column":64},"end":{"line":61,"column":1}},"line":52},"3":{"name":"(anonymous_3)","decl":{"start":{"line":53,"column":17},"end":{"line":53,"column":18}},"loc":{"start":{"line":53,"column":29},"end":{"line":59,"column":5}},"line":53}},"branchMap":{"0":{"loc":{"start":{"line":4,"column":45},"end":{"line":4,"column":69}},"type":"cond-expr","locations":[{"start":{"line":4,"column":61},"end":{"line":4,"column":64}},{"start":{"line":4,"column":67},"end":{"line":4,"column":69}}],"line":4},"1":{"loc":{"start":{"line":4,"column":92},"end":{"line":4,"column":118}},"type":"cond-expr","locations":[{"start":{"line":4,"column":108},"end":{"line":4,"column":113}},{"start":{"line":4,"column":116},"end":{"line":4,"column":118}}],"line":4},"2":{"loc":{"start":{"line":5,"column":4},"end":{"line":16,"column":5}},"type":"switch","locations":[{"start":{"line":6,"column":8},"end":{"line":7,"column":92}},{"start":{"line":8,"column":8},"end":{"line":9,"column":94}},{"start":{"line":10,"column":8},"end":{"line":11,"column":95}},{"start":{"line":12,"column":8},"end":{"line":13,"column":93}},{"start":{"line":14,"column":8},"end":{"line":15,"column":22}}],"line":5},"3":{"loc":{"start":{"line":21,"column":4},"end":{"line":36,"column":5}},"type":"switch","locations":[{"start":{"line":22,"column":8},"end":{"line":23,"column":72}},{"start":{"line":24,"column":8},"end":{"line":25,"column":92}},{"start":{"line":26,"column":8},"end":{"line":27,"column":95}},{"start":{"line":28,"column":8},"end":{"line":29,"column":97}},{"start":{"line":30,"column":8},"end":{"line":31,"column":97}},{"start":{"line":32,"column":8},"end":{"line":33,"column":95}},{"start":{"line":34,"column":8},"end":{"line":35,"column":22}}],"line":21}},"s":{"0":5,"1":5,"2":5,"3":5,"4":5,"5":5,"6":5,"7":0,"8":0,"9":5,"10":0,"11":0,"12":5,"13":3,"14":3,"15":0,"16":0,"17":0,"18":3,"19":0,"20":0,"21":0,"22":5,"23":5,"24":5,"25":20,"26":46,"27":46,"28":46,"29":46,"30":20},"f":{"0":5,"1":3,"2":20,"3":46},"b":{"0":[5,0],"1":[0,5],"2":[0,0,5,0,0],"3":[0,0,0,3,0,0,0]},"inputSourceMap":{"version":3,"file":"mixins.js","sourceRoot":"","sources":["mixins.ts"],"names":[],"mappings":";;AAAA,SAAgB,UAAU,CAAC,EAAkF;QAAhF,cAAI,EAAE,YAAU,EAAV,+BAAU,EAAE,YAAY,EAAZ,iCAAY;IACzD,QAAQ,IAAI,EAAE;QACZ,KAAK,cAAc;YACjB,OAAO,iBAAe,IAAI,SAAI,IAAI,sCAAmC,CAAA;QAEvE,KAAK,aAAa;YAChB,OAAO,gBAAc,IAAI,SAAI,IAAI,yCAAsC,CAAA;QAEzE,KAAK,aAAa;YAChB,OAAO,iBAAe,IAAI,SAAI,IAAI,yCAAsC,CAAA;QAE1E,KAAK,cAAc;YACjB,OAAO,iBAAe,IAAI,SAAI,IAAI,uCAAoC,CAAA;QAExE;YACE,OAAO,EAAE,CAAA;KACZ;AACH,CAAC;AAjBD,gCAiBC;AAED,SAAgB,SAAS,CAAC,EAA4B;QAA1B,gBAAK;IAC/B,QAAQ,KAAK,EAAE;QACb,KAAK,CAAC;YACJ,OAAO,oDAAoD,CAAA;QAC7D,KAAK,CAAC;YACJ,OAAO,wEAAwE,CAAA;QACjF,KAAK,CAAC;YACJ,OAAO,2EAA2E,CAAA;QACpF,KAAK,CAAC;YACJ,OAAO,6EAA6E,CAAA;QACtF,KAAK,CAAC;YACJ,OAAO,6EAA6E,CAAA;QACtF,KAAK,CAAC;YACJ,OAAO,2EAA2E,CAAA;QACpF;YACE,OAAO,EAAE,CAAA;KACZ;AACH,CAAC;AAjBD,8BAiBC;AAED,IAAM,KAAK,GAAG;IACZ,OAAO,EAAE,IAAI;IACb,KAAK,EAAE,GAAG;IACV,UAAU,EAAE,GAAG;IACf,UAAU,EAAE,GAAG;CAChB,CAAA;AAED;;;;;IAKI;AAEJ,wDAAwD;AAC3C,QAAA,KAAK,GAAQ,MAAM,CAAC,IAAI,CAAC,KAAK,CAAC,CAAC,MAAM,CAAC,UAAC,GAAG,EAAE,KAAK;IAC7D,GAAG,CAAC,KAAK,CAAC,GAAG;QAAC,cAAiB;aAAjB,UAAiB,EAAjB,qBAAiB,EAAjB,IAAiB;YAAjB,yBAAiB;;QAAK,OAAA,8BACb,KAAK,CAAC,KAAK,CAAC,aAAQ,IAAI,cAE9C;IAHmC,CAGnC,CAAA;IACD,OAAO,GAAG,CAAA;AACZ,CAAC,EAAE,EAAE,CAAC,CAAA","sourcesContent":["export function transition({ name, time = 0.2, prop = 'all' }: { name: string; time?: number; prop?: string }) {\r\n  switch (name) {\r\n    case 'easeOutQuart':\r\n      return `transition: ${prop} ${time}s cubic-bezier(.165, .84, .44, 1)`\r\n\r\n    case 'easeInQuart':\r\n      return `transition:${prop} ${time}s cubic-bezier(.895, .03, .685, .22)`\r\n\r\n    case 'easeInCubic':\r\n      return `transition: ${prop} ${time}s cubic-bezier(.55, .055, .675, .19)`\r\n\r\n    case 'easeOutCubic':\r\n      return `transition: ${prop} ${time}s cubic-bezier(.215, .61, .355, 1)`\r\n\r\n    default:\r\n      return ''\r\n  }\r\n}\r\n\r\nexport function elevation({ level }: { level: number }) {\r\n  switch (level) {\r\n    case 1:\r\n      return 'box-shadow: inset 0 7px 9px -7px rgba(0, 0, 0, .7)'\r\n    case 2:\r\n      return 'box-shadow: 0 1px 3px rgba(0, 0, 0, .12), 0 1px 2px rgba(0, 0, 0, .24)'\r\n    case 3:\r\n      return 'box-shadow: 0 4px 6px rgba(69, 50, 93, .11), 0 1px 3px rgba(0, 0, 0, .08)'\r\n    case 4:\r\n      return 'box-shadow: 0 15px 35px rgba(69, 50, 93, .1), 0 5px 15px rgba(0, 0, 0, .07)'\r\n    case 5:\r\n      return 'box-shadow: 0px 8px 10px rgba(0, 0, 0, .15), 0px 8px 25px rgba(0, 0, 0, .1)'\r\n    case 6:\r\n      return 'box-shadow: 0 19px 38px rgba(0, 0, 0, .3), 0 15px 12px rgba(0, 0, 0, .22)'\r\n    default:\r\n      return ''\r\n  }\r\n}\r\n\r\nconst sizes = {\r\n  desktop: 1200,\r\n  phone: 500,\r\n  tabletLand: 900,\r\n  tabletPort: 750,\r\n}\r\n\r\n/* interface ISizes {\r\n  desktop: () => {}\r\n  phone: () => {}\r\n  tabletLand: () => {}\r\n  tabletPort: () => {}\r\n} */\r\n\r\n// Iterate through the sizes and create a media template\r\nexport const media: any = Object.keys(sizes).reduce((acc, label) => {\r\n  acc[label] = (...args: string[]) => `\r\n    @media (max-width: ${sizes[label]}px) {${args}\r\n  }\r\n  `\r\n  return acc\r\n}, {})\r\n"]},"_coverageSchema":"332fd63041d2c1bcb487cc26dd0d5f7d97098a6c","hash":"f8089d0623809a73fc8e51ce516b404f3e47855c"}
,"C:\\Alex\\Web-Dev\\Git-Repositories\\wendte-budget\\client\\src\\utils\\types.ts": {"path":"C:\\Alex\\Web-Dev\\Git-Repositories\\wendte-budget\\client\\src\\utils\\types.ts","statementMap":{"0":{"start":{"line":1,"column":13},"end":{"line":1,"column":1597}},"1":{"start":{"line":1,"column":1597},"end":{"line":1,"column":1610}},"2":{"start":{"line":2,"column":0},"end":{"line":2,"column":62}}},"fnMap":{},"branchMap":{},"s":{"0":0,"1":0,"2":0},"f":{},"b":{}}
,"C:\\Alex\\Web-Dev\\Git-Repositories\\wendte-budget\\client\\src\\utils\\utils.ts": {"path":"C:\\Alex\\Web-Dev\\Git-Repositories\\wendte-budget\\client\\src\\utils\\utils.ts","statementMap":{"0":{"start":{"line":2,"column":0},"end":{"line":2,"column":62}},"1":{"start":{"line":3,"column":0},"end":{"line":3,"column":58}},"2":{"start":{"line":3,"column":36},"end":{"line":3,"column":55}},"3":{"start":{"line":4,"column":0},"end":{"line":4,"column":60}},"4":{"start":{"line":4,"column":39},"end":{"line":4,"column":57}},"5":{"start":{"line":5,"column":0},"end":{"line":5,"column":91}},"6":{"start":{"line":5,"column":54},"end":{"line":5,"column":88}}},"fnMap":{"0":{"name":"(anonymous_0)","decl":{"start":{"line":3,"column":19},"end":{"line":3,"column":20}},"loc":{"start":{"line":3,"column":34},"end":{"line":3,"column":57}},"line":3},"1":{"name":"(anonymous_1)","decl":{"start":{"line":4,"column":22},"end":{"line":4,"column":23}},"loc":{"start":{"line":4,"column":37},"end":{"line":4,"column":59}},"line":4},"2":{"name":"(anonymous_2)","decl":{"start":{"line":5,"column":37},"end":{"line":5,"column":38}},"loc":{"start":{"line":5,"column":52},"end":{"line":5,"column":90}},"line":5}},"branchMap":{},"s":{"0":6,"1":6,"2":10,"3":6,"4":29,"5":6,"6":4},"f":{"0":10,"1":29,"2":4},"b":{},"inputSourceMap":{"version":3,"file":"utils.js","sourceRoot":"","sources":["utils.ts"],"names":[],"mappings":";;AAAa,QAAA,QAAQ,GAAG,UAAC,GAAW,IAAc,OAAA,CAAC,KAAK,CAAC,GAAU,CAAC,EAAlB,CAAkB,CAAA;AACvD,QAAA,WAAW,GAAG,UAAC,GAAW,IAAc,OAAA,KAAK,CAAC,GAAU,CAAC,EAAjB,CAAiB,CAAA;AACzD,QAAA,0BAA0B,GAAG,UAAC,GAAW,IAAa,OAAA,QAAQ,CAAC,GAAG,CAAC,KAAK,CAAC,CAAC,CAAC,EAAE,EAAE,CAAC,EAA1B,CAA0B,CAAA","sourcesContent":["export const isNumber = (str: string): boolean => !isNaN(str as any)\r\nexport const isNotNumber = (str: string): boolean => isNaN(str as any)\r\nexport const convertToNumAndRemoveDSign = (str: string): number => parseInt(str.slice(1), 10)\r\n"]},"_coverageSchema":"332fd63041d2c1bcb487cc26dd0d5f7d97098a6c","hash":"097fdcdda2e76359cb92cf629fcca317a2ad6a31"}
}
