TN:
SF:C:\Alex\Web-Dev\Git-Repositories\wendte-budget\client\src\App.tsx
FN:20,(anonymous_0)
FN:22,App
FN:30,(anonymous_2)
FN:34,(anonymous_3)
FNF:4
FNH:1
FNDA:1,(anonymous_0)
FNDA:0,App
FNDA:0,(anonymous_2)
FNDA:0,(anonymous_3)
DA:2,1
DA:3,1
DA:4,1
DA:5,1
DA:6,1
DA:7,1
DA:8,1
DA:9,1
DA:10,1
DA:11,1
DA:20,1
DA:21,1
DA:23,0
DA:24,0
DA:27,0
DA:30,1
DA:31,0
DA:32,0
DA:35,0
DA:36,0
DA:41,1
DA:43,1
DA:44,1
LF:23
LH:16
BRDA:23,0,0,0
BRDA:23,0,1,0
BRDA:23,0,2,0
BRDA:44,1,0,1
BRDA:44,1,1,1
BRF:5
BRH:2
end_of_record
TN:
SF:C:\Alex\Web-Dev\Git-Repositories\wendte-budget\client\src\BudgetTool.js
FN:6,(anonymous_0)
FN:10,(anonymous_1)
FNF:2
FNH:0
FNDA:0,(anonymous_0)
FNDA:0,(anonymous_1)
DA:11,0
LF:1
LH:0
BRF:0
BRH:0
end_of_record
TN:
SF:C:\Alex\Web-Dev\Git-Repositories\wendte-budget\client\src\ItemForm.tsx
FN:9,(anonymous_0)
FN:11,ItemForm
FN:14,(anonymous_2)
FN:18,(anonymous_3)
FN:23,(anonymous_4)
FN:25,(anonymous_5)
FN:28,(anonymous_6)
FN:29,(anonymous_7)
FN:34,(anonymous_8)
FN:59,(anonymous_9)
FN:82,(anonymous_10)
FN:84,(anonymous_11)
FN:84,(anonymous_12)
FN:89,(anonymous_13)
FN:90,(anonymous_14)
FN:91,(anonymous_15)
FN:91,(anonymous_16)
FNF:17
FNH:12
FNDA:2,(anonymous_0)
FNDA:1,ItemForm
FNDA:1,(anonymous_2)
FNDA:1,(anonymous_3)
FNDA:0,(anonymous_4)
FNDA:2,(anonymous_5)
FNDA:0,(anonymous_6)
FNDA:0,(anonymous_7)
FNDA:0,(anonymous_8)
FNDA:0,(anonymous_9)
FNDA:4,(anonymous_10)
FNDA:24,(anonymous_11)
FNDA:24,(anonymous_12)
FNDA:4,(anonymous_13)
FNDA:4,(anonymous_14)
FNDA:4,(anonymous_15)
FNDA:4,(anonymous_16)
DA:2,2
DA:3,2
DA:4,2
DA:5,2
DA:6,2
DA:7,2
DA:8,2
DA:9,2
DA:10,2
DA:12,1
DA:14,2
DA:15,1
DA:16,1
DA:19,1
DA:20,1
DA:23,0
DA:25,2
DA:26,2
DA:27,2
DA:28,2
DA:29,2
DA:30,0
DA:31,0
DA:32,0
DA:33,0
DA:34,0
DA:35,0
DA:36,0
DA:46,2
DA:59,0
DA:75,2
DA:78,2
DA:80,2
DA:81,2
DA:82,4
DA:83,2
DA:84,24
DA:85,2
DA:86,2
DA:87,2
DA:88,2
DA:89,4
DA:90,4
DA:91,4
LF:44
LH:35
BRDA:12,0,0,1
BRDA:12,0,1,1
BRDA:12,0,2,1
BRDA:28,1,0,0
BRDA:28,1,1,0
BRDA:34,2,0,0
BRDA:34,2,1,0
BRDA:35,3,0,0
BRDA:35,3,1,0
BRDA:57,4,0,2
BRDA:57,4,1,1
BRDA:57,4,2,0
BRDA:81,5,0,2
BRDA:81,5,1,2
BRDA:82,6,0,2
BRDA:82,6,1,2
BRDA:83,7,0,2
BRDA:83,7,1,2
BRDA:84,8,0,2
BRDA:84,8,1,2
BRDA:85,9,0,2
BRDA:85,9,1,2
BRDA:86,10,0,2
BRDA:86,10,1,2
BRDA:87,11,0,2
BRDA:87,11,1,2
BRDA:88,12,0,2
BRDA:88,12,1,2
BRDA:89,13,0,2
BRDA:89,13,1,2
BRDA:90,14,0,2
BRDA:90,14,1,2
BRDA:91,15,0,2
BRDA:91,15,1,2
BRF:34
BRH:27
end_of_record
TN:
SF:C:\Alex\Web-Dev\Git-Repositories\wendte-budget\client\src\index.tsx
FNF:0
FNH:0
DA:1,0
DA:2,0
DA:3,0
DA:4,0
DA:5,0
DA:6,0
DA:7,0
DA:8,0
DA:10,0
DA:11,0
LF:10
LH:0
BRF:0
BRH:0
end_of_record
TN:
SF:C:\Alex\Web-Dev\Git-Repositories\wendte-budget\client\src\components\AmountInput.tsx
FN:9,(anonymous_0)
FN:11,AmountInput
FN:17,(anonymous_2)
FN:35,(anonymous_3)
FN:43,(anonymous_4)
FN:49,(anonymous_5)
FN:57,(anonymous_6)
FN:58,(anonymous_7)
FN:69,(anonymous_8)
FN:72,(anonymous_9)
FNF:10
FNH:9
FNDA:5,(anonymous_0)
FNDA:28,AmountInput
FNDA:19,(anonymous_2)
FNDA:19,(anonymous_3)
FNDA:19,(anonymous_4)
FNDA:8,(anonymous_5)
FNDA:4,(anonymous_6)
FNDA:4,(anonymous_7)
FNDA:69,(anonymous_8)
FNDA:0,(anonymous_9)
DA:3,5
DA:4,5
DA:5,5
DA:6,5
DA:7,5
DA:8,5
DA:9,5
DA:10,5
DA:12,28
DA:13,28
DA:17,28
DA:18,19
DA:19,19
DA:20,19
DA:21,19
DA:22,2
DA:24,19
DA:25,1
DA:27,19
DA:28,19
DA:29,1
DA:31,19
DA:32,19
DA:33,5
DA:35,19
DA:36,19
DA:37,2
DA:39,17
DA:41,19
DA:43,28
DA:44,19
DA:45,19
DA:46,19
DA:47,19
DA:49,8
DA:50,8
DA:54,11
DA:57,28
DA:58,4
DA:59,4
DA:60,4
DA:61,4
DA:62,1
DA:64,3
DA:67,28
DA:69,5
DA:70,69
DA:71,69
DA:72,69
DA:74,5
DA:83,5
DA:85,5
DA:86,5
LF:53
LH:53
BRDA:12,0,0,28
BRDA:12,0,1,28
BRDA:12,0,2,28
BRDA:14,1,0,28
BRDA:14,1,1,11
BRDA:21,2,0,2
BRDA:21,2,1,17
BRDA:21,3,0,19
BRDA:21,3,1,16
BRDA:24,4,0,1
BRDA:24,4,1,18
BRDA:27,5,0,9
BRDA:27,5,1,10
BRDA:28,6,0,1
BRDA:28,6,1,18
BRDA:31,7,0,5
BRDA:31,7,1,14
BRDA:32,8,0,5
BRDA:32,8,1,14
BRDA:36,9,0,2
BRDA:36,9,1,17
BRDA:36,10,0,19
BRDA:36,10,1,18
BRDA:36,10,2,17
BRDA:39,11,0,4
BRDA:39,11,1,13
BRDA:47,12,0,8
BRDA:47,12,1,11
BRDA:61,13,0,1
BRDA:61,13,1,3
BRDA:72,14,0,69
BRDA:72,14,1,43
BRDA:72,15,0,9
BRDA:72,15,1,60
BRDA:72,16,0,0
BRDA:72,16,1,0
BRDA:86,17,0,5
BRDA:86,17,1,5
BRF:38
BRH:36
end_of_record
TN:
SF:C:\Alex\Web-Dev\Git-Repositories\wendte-budget\client\src\components\Input.jsx
FN:22,(anonymous_0)
FN:27,(anonymous_1)
FN:35,(anonymous_2)
FNF:3
FNH:2
FNDA:2,(anonymous_0)
FNDA:82,(anonymous_1)
FNDA:0,(anonymous_2)
DA:23,2
DA:24,2
DA:28,82
DA:29,82
DA:30,82
DA:35,0
LF:6
LH:5
BRDA:19,0,0,53
BRDA:19,0,1,13
BRDA:35,1,0,0
BRDA:35,1,1,0
BRF:4
BRH:2
end_of_record
TN:
SF:C:\Alex\Web-Dev\Git-Repositories\wendte-budget\client\src\components\TextArea.js
FN:22,(anonymous_0)
FN:27,(anonymous_1)
FN:29,(anonymous_2)
FNF:3
FNH:2
FNDA:2,(anonymous_0)
FNDA:5,(anonymous_1)
FNDA:0,(anonymous_2)
DA:23,2
DA:24,2
DA:28,5
DA:29,5
LF:4
LH:4
BRDA:19,0,0,3
BRDA:19,0,1,1
BRF:2
BRH:2
end_of_record
TN:
SF:C:\Alex\Web-Dev\Git-Repositories\wendte-budget\client\src\components\User.js
FN:10,(anonymous_0)
FN:14,(anonymous_1)
FN:14,(anonymous_2)
FN:17,(anonymous_3)
FN:21,(anonymous_4)
FN:21,(anonymous_5)
FN:24,(anonymous_6)
FN:26,(anonymous_7)
FN:26,(anonymous_8)
FN:29,(anonymous_9)
FN:33,(anonymous_10)
FN:33,(anonymous_11)
FN:36,(anonymous_12)
FN:42,(anonymous_13)
FNF:14
FNH:12
FNDA:6,(anonymous_0)
FNDA:6,(anonymous_1)
FNDA:0,(anonymous_2)
FNDA:2,(anonymous_3)
FNDA:1,(anonymous_4)
FNDA:1,(anonymous_5)
FNDA:1,(anonymous_6)
FNDA:1,(anonymous_7)
FNDA:0,(anonymous_8)
FNDA:2,(anonymous_9)
FNDA:1,(anonymous_10)
FNDA:1,(anonymous_11)
FNDA:22,(anonymous_12)
FNDA:28,(anonymous_13)
DA:11,6
DA:12,6
DA:14,6
DA:18,2
DA:19,2
DA:21,1
DA:25,1
DA:26,1
DA:30,2
DA:31,2
DA:33,1
DA:37,22
DA:38,22
DA:39,22
DA:43,28
DA:44,28
DA:53,2
LF:17
LH:17
BRF:0
BRH:0
end_of_record
TN:
SF:C:\Alex\Web-Dev\Git-Repositories\wendte-budget\client\src\transactionDisplay\TransactionDisplay.js
FN:18,(anonymous_0)
FN:22,(anonymous_1)
FN:23,(anonymous_2)
FN:26,(anonymous_3)
FN:47,(anonymous_4)
FN:68,(anonymous_5)
FN:86,(anonymous_6)
FN:117,(anonymous_7)
FN:127,(anonymous_8)
FNF:9
FNH:9
FNDA:2,(anonymous_0)
FNDA:2,(anonymous_1)
FNDA:2,(anonymous_2)
FNDA:4,(anonymous_3)
FNDA:16,(anonymous_4)
FNDA:4,(anonymous_5)
FNDA:4,(anonymous_6)
FNDA:8,(anonymous_7)
FNDA:4,(anonymous_8)
DA:23,2
DA:27,4
DA:28,4
DA:33,4
DA:48,16
DA:58,2
DA:62,2
DA:68,4
DA:79,2
DA:86,4
DA:110,2
DA:114,2
DA:117,8
DA:126,2
DA:127,4
DA:130,2
LF:16
LH:16
BRF:0
BRH:0
end_of_record
TN:
SF:C:\Alex\Web-Dev\Git-Repositories\wendte-budget\client\src\transactionDisplay\TransactionRow.js
FN:17,(anonymous_0)
FN:18,(anonymous_1)
FN:21,(anonymous_2)
FN:61,(anonymous_3)
FN:66,(anonymous_4)
FN:82,(anonymous_5)
FN:86,(anonymous_6)
FN:105,(anonymous_7)
FN:114,(anonymous_8)
FN:124,(anonymous_9)
FN:136,(anonymous_10)
FN:146,(anonymous_11)
FN:147,(anonymous_12)
FNF:13
FNH:13
FNDA:1,(anonymous_0)
FNDA:1,(anonymous_1)
FNDA:26,(anonymous_2)
FNDA:26,(anonymous_3)
FNDA:26,(anonymous_4)
FNDA:78,(anonymous_5)
FNDA:78,(anonymous_6)
FNDA:26,(anonymous_7)
FNDA:26,(anonymous_8)
FNDA:26,(anonymous_9)
FNDA:26,(anonymous_10)
FNDA:1,(anonymous_11)
FNDA:1,(anonymous_12)
DA:18,1
DA:22,26
DA:23,26
DA:24,26
DA:48,3
DA:53,3
DA:61,26
DA:66,26
DA:80,3
DA:82,78
DA:86,78
DA:98,3
DA:99,3
DA:105,26
DA:108,3
DA:114,26
DA:117,3
DA:124,26
DA:136,26
DA:145,3
DA:146,1
DA:147,1
DA:160,3
LF:23
LH:23
BRDA:18,0,0,1
BRDA:18,0,1,1
BRDA:34,1,0,10
BRDA:34,1,1,16
BRDA:39,2,0,8
BRDA:39,2,1,18
BRDA:40,3,0,1
BRDA:40,3,1,25
BRDA:40,4,0,26
BRDA:40,4,1,1
BRF:10
BRH:10
end_of_record
TN:
SF:C:\Alex\Web-Dev\Git-Repositories\wendte-budget\client\src\utils\api.ts
FN:8,(anonymous_0)
FN:10,(anonymous_1)
FN:11,(anonymous_2)
FN:12,(anonymous_3)
FN:13,(anonymous_4)
FN:16,(anonymous_5)
FN:17,(anonymous_6)
FN:22,(anonymous_7)
FN:26,(anonymous_8)
FN:30,(anonymous_9)
FN:38,(anonymous_10)
FN:39,(anonymous_11)
FN:46,(anonymous_12)
FN:47,(anonymous_13)
FN:48,(anonymous_14)
FN:49,(anonymous_15)
FN:52,(anonymous_16)
FN:53,(anonymous_17)
FN:54,(anonymous_18)
FN:55,(anonymous_19)
FN:59,(anonymous_20)
FN:60,(anonymous_21)
FN:61,(anonymous_22)
FN:62,(anonymous_23)
FN:64,logout
FN:68,login
FN:73,init
FNF:27
FNH:0
FNDA:0,(anonymous_0)
FNDA:0,(anonymous_1)
FNDA:0,(anonymous_2)
FNDA:0,(anonymous_3)
FNDA:0,(anonymous_4)
FNDA:0,(anonymous_5)
FNDA:0,(anonymous_6)
FNDA:0,(anonymous_7)
FNDA:0,(anonymous_8)
FNDA:0,(anonymous_9)
FNDA:0,(anonymous_10)
FNDA:0,(anonymous_11)
FNDA:0,(anonymous_12)
FNDA:0,(anonymous_13)
FNDA:0,(anonymous_14)
FNDA:0,(anonymous_15)
FNDA:0,(anonymous_16)
FNDA:0,(anonymous_17)
FNDA:0,(anonymous_18)
FNDA:0,(anonymous_19)
FNDA:0,(anonymous_20)
FNDA:0,(anonymous_21)
FNDA:0,(anonymous_22)
FNDA:0,(anonymous_23)
FNDA:0,logout
FNDA:0,login
FNDA:0,init
DA:2,1
DA:3,1
DA:4,1
DA:7,1
DA:8,1
DA:9,1
DA:10,0
DA:11,0
DA:12,0
DA:13,0
DA:15,1
DA:17,0
DA:18,0
DA:19,0
DA:23,0
DA:24,0
DA:27,0
DA:28,0
DA:30,0
DA:31,0
DA:32,0
DA:35,0
DA:39,0
DA:40,0
DA:41,0
DA:45,1
DA:46,0
DA:47,0
DA:48,0
DA:49,0
DA:51,1
DA:52,0
DA:53,0
DA:54,0
DA:55,0
DA:58,1
DA:59,0
DA:60,0
DA:61,0
DA:62,0
DA:65,0
DA:66,0
DA:69,0
DA:70,0
DA:71,0
DA:74,0
DA:75,0
DA:76,0
DA:78,1
DA:85,1
LF:50
LH:12
BRDA:27,0,0,0
BRDA:27,0,1,0
BRDA:31,1,0,0
BRDA:31,1,1,0
BRDA:48,2,0,0
BRDA:48,2,1,0
BRDA:54,3,0,0
BRDA:54,3,1,0
BRDA:61,4,0,0
BRDA:61,4,1,0
BRDA:74,5,0,0
BRDA:74,5,1,0
BRDA:74,6,0,0
BRDA:74,6,1,0
BRDA:74,7,0,0
BRDA:74,7,1,0
BRDA:74,8,0,0
BRDA:74,8,1,0
BRDA:74,8,2,0
BRDA:74,9,0,0
BRDA:74,9,1,0
BRDA:76,10,0,0
BRDA:76,10,1,0
BRF:23
BRH:0
end_of_record
TN:
SF:C:\Alex\Web-Dev\Git-Repositories\wendte-budget\client\src\utils\colors.js
FNF:0
FNH:0
DA:1,0
DA:8,0
LF:2
LH:0
BRF:0
BRH:0
end_of_record
TN:
SF:C:\Alex\Web-Dev\Git-Repositories\wendte-budget\client\src\utils\fakeData.ts
FN:35,(anonymous_0)
FNF:1
FNH:0
FNDA:0,(anonymous_0)
DA:2,2
DA:3,2
DA:34,2
DA:35,2
DA:36,0
DA:37,0
DA:39,2
LF:7
LH:5
BRDA:36,0,0,0
BRDA:36,0,1,0
BRDA:37,1,0,0
BRDA:37,1,1,0
BRF:4
BRH:0
end_of_record
TN:
SF:C:\Alex\Web-Dev\Git-Repositories\wendte-budget\client\src\utils\mixins.ts
FN:3,transition
FN:19,elevation
FN:52,(anonymous_2)
FN:53,(anonymous_3)
FNF:4
FNH:4
FNDA:5,transition
FNDA:2,elevation
FNDA:20,(anonymous_2)
FNDA:29,(anonymous_3)
DA:2,5
DA:4,5
DA:5,5
DA:7,0
DA:9,0
DA:11,5
DA:13,0
DA:15,0
DA:18,5
DA:20,2
DA:21,2
DA:23,0
DA:25,0
DA:27,0
DA:29,2
DA:31,0
DA:33,0
DA:35,0
DA:38,5
DA:39,5
DA:52,5
DA:53,20
DA:54,29
DA:55,29
DA:56,29
DA:58,29
DA:60,20
LF:27
LH:17
BRDA:4,0,0,5
BRDA:4,0,1,0
BRDA:4,1,0,0
BRDA:4,1,1,5
BRDA:5,2,0,0
BRDA:5,2,1,0
BRDA:5,2,2,5
BRDA:5,2,3,0
BRDA:5,2,4,0
BRDA:21,3,0,0
BRDA:21,3,1,0
BRDA:21,3,2,0
BRDA:21,3,3,2
BRDA:21,3,4,0
BRDA:21,3,5,0
BRDA:21,3,6,0
BRF:16
BRH:4
end_of_record
TN:
SF:C:\Alex\Web-Dev\Git-Repositories\wendte-budget\client\src\utils\types.ts
FNF:0
FNH:0
DA:1,0
DA:2,0
LF:2
LH:0
BRF:0
BRH:0
end_of_record
TN:
SF:C:\Alex\Web-Dev\Git-Repositories\wendte-budget\client\src\utils\utils.ts
FN:3,(anonymous_0)
FN:4,(anonymous_1)
FNF:2
FNH:2
FNDA:10,(anonymous_0)
FNDA:29,(anonymous_1)
DA:2,6
DA:3,10
DA:4,29
LF:3
LH:3
BRF:0
BRH:0
end_of_record
